[13:57:25] [main/INFO] [GradleStart]: username: firstmanfallen@hotmail.com
[13:57:25] [main/INFO] [GradleStart]: Extra: []
[13:57:25] [main/INFO] [GradleStart]: Password found, attempting login
[13:57:26] [main/ERROR] [GradleStart]: -- Login failed!  Invalid credentials. Invalid username or password.
[13:58:27] [main/INFO] [GradleStart]: username: firstmanfallen@hotmail.com
[13:58:27] [main/INFO] [GradleStart]: Extra: []
[13:58:27] [main/INFO] [GradleStart]: Password found, attempting login
[13:58:28] [main/INFO] [GradleStart]: Login Succesful!
[13:58:28] [main/INFO] [GradleStart]: Running with arguments: [--userProperties, {}, --assetsDir, C:/Users/James D/.gradle/caches/minecraft/assets, --assetIndex, 1.7.10, --userType, mojang, --accessToken, {REDACTED}, --version, 1.7.10, --uuid, d5a72d1d625e48e6af51d010b14d667e, --username, donzil, --tweakClass, cpw.mods.fml.common.launcher.FMLTweaker, --tweakClass, net.minecraftforge.gradle.tweakers.CoremodTweaker]
[13:58:28] [main/INFO] [LaunchWrapper]: Loading tweak class name cpw.mods.fml.common.launcher.FMLTweaker
[13:58:28] [main/INFO] [LaunchWrapper]: Using primary tweak class name cpw.mods.fml.common.launcher.FMLTweaker
[13:58:28] [main/INFO] [LaunchWrapper]: Loading tweak class name net.minecraftforge.gradle.tweakers.CoremodTweaker
[13:58:28] [main/INFO] [LaunchWrapper]: Calling tweak class cpw.mods.fml.common.launcher.FMLTweaker
[13:59:40] [main/INFO] [GradleStart]: Extra: []
[13:59:40] [main/INFO] [GradleStart]: Running with arguments: [--tweakClass, cpw.mods.fml.common.launcher.FMLServerTweaker, --tweakClass, net.minecraftforge.gradle.tweakers.CoremodTweaker]
[13:59:40] [main/INFO] [LaunchWrapper]: Loading tweak class name cpw.mods.fml.common.launcher.FMLServerTweaker
[13:59:40] [main/INFO] [LaunchWrapper]: Using primary tweak class name cpw.mods.fml.common.launcher.FMLServerTweaker
[13:59:40] [main/INFO] [LaunchWrapper]: Loading tweak class name net.minecraftforge.gradle.tweakers.CoremodTweaker
[13:59:40] [main/INFO] [LaunchWrapper]: Calling tweak class cpw.mods.fml.common.launcher.FMLServerTweaker
[14:00:57] [main/INFO] [GradleStart]: Extra: []
[14:00:57] [main/INFO] [GradleStart]: Running with arguments: [--tweakClass, cpw.mods.fml.common.launcher.FMLServerTweaker, --tweakClass, net.minecraftforge.gradle.tweakers.CoremodTweaker]
[14:00:57] [main/INFO] [LaunchWrapper]: Loading tweak class name cpw.mods.fml.common.launcher.FMLServerTweaker
[14:00:57] [main/INFO] [LaunchWrapper]: Using primary tweak class name cpw.mods.fml.common.launcher.FMLServerTweaker
[14:00:57] [main/INFO] [LaunchWrapper]: Loading tweak class name net.minecraftforge.gradle.tweakers.CoremodTweaker
[14:00:57] [main/INFO] [LaunchWrapper]: Calling tweak class cpw.mods.fml.common.launcher.FMLServerTweaker
[14:08:15] [main/INFO] [GradleStart]: username: firstmanfallen@hotmail.com
[14:08:15] [main/INFO] [GradleStart]: Extra: []
[14:08:15] [main/INFO] [GradleStart]: Password found, attempting login
[14:08:16] [main/INFO] [GradleStart]: Login Succesful!
[14:08:16] [main/INFO] [GradleStart]: Running with arguments: [--userProperties, {}, --assetsDir, C:/Users/James D/.gradle/caches/minecraft/assets, --assetIndex, 1.7.10, --userType, mojang, --accessToken, {REDACTED}, --version, 1.7.10, --uuid, d5a72d1d625e48e6af51d010b14d667e, --username, donzil, --tweakClass, cpw.mods.fml.common.launcher.FMLTweaker, --tweakClass, net.minecraftforge.gradle.tweakers.CoremodTweaker]
[14:08:16] [main/INFO] [LaunchWrapper]: Loading tweak class name cpw.mods.fml.common.launcher.FMLTweaker
[14:08:16] [main/INFO] [LaunchWrapper]: Using primary tweak class name cpw.mods.fml.common.launcher.FMLTweaker
[14:08:16] [main/INFO] [LaunchWrapper]: Loading tweak class name net.minecraftforge.gradle.tweakers.CoremodTweaker
[14:08:16] [main/INFO] [LaunchWrapper]: Calling tweak class cpw.mods.fml.common.launcher.FMLTweaker
[15:23:01] [main/INFO] [GradleStart]: username: firstmanfallen@hotmail.com
[15:23:01] [main/INFO] [GradleStart]: Extra: []
[15:23:01] [main/INFO] [GradleStart]: Password found, attempting login
[15:23:05] [main/INFO] [GradleStart]: Login Succesful!
[15:23:05] [main/INFO] [GradleStart]: Running with arguments: [--userProperties, {}, --assetsDir, C:/Users/James D/.gradle/caches/minecraft/assets, --assetIndex, 1.7.10, --userType, mojang, --accessToken, {REDACTED}, --version, 1.7.10, --uuid, d5a72d1d625e48e6af51d010b14d667e, --username, donzil, --tweakClass, cpw.mods.fml.common.launcher.FMLTweaker, --tweakClass, net.minecraftforge.gradle.tweakers.CoremodTweaker]
[15:23:05] [main/INFO] [LaunchWrapper]: Loading tweak class name cpw.mods.fml.common.launcher.FMLTweaker
[15:23:05] [main/INFO] [LaunchWrapper]: Using primary tweak class name cpw.mods.fml.common.launcher.FMLTweaker
[15:23:05] [main/INFO] [LaunchWrapper]: Loading tweak class name net.minecraftforge.gradle.tweakers.CoremodTweaker
[15:23:05] [main/INFO] [LaunchWrapper]: Calling tweak class cpw.mods.fml.common.launcher.FMLTweaker
[15:25:12] [main/INFO] [GradleStart]: username: firstmanfallen@hotmail.com
[15:25:12] [main/INFO] [GradleStart]: Extra: []
[15:25:12] [main/INFO] [GradleStart]: Password found, attempting login
[15:25:13] [main/INFO] [GradleStart]: Login Succesful!
[15:25:13] [main/INFO] [GradleStart]: Running with arguments: [--userProperties, {}, --assetsDir, C:/Users/James D/.gradle/caches/minecraft/assets, --assetIndex, 1.7.10, --userType, mojang, --accessToken, {REDACTED}, --version, 1.7.10, --uuid, d5a72d1d625e48e6af51d010b14d667e, --username, donzil, --tweakClass, cpw.mods.fml.common.launcher.FMLTweaker, --tweakClass, net.minecraftforge.gradle.tweakers.CoremodTweaker]
[15:25:13] [main/INFO] [LaunchWrapper]: Loading tweak class name cpw.mods.fml.common.launcher.FMLTweaker
[15:25:13] [main/INFO] [LaunchWrapper]: Using primary tweak class name cpw.mods.fml.common.launcher.FMLTweaker
[15:25:13] [main/INFO] [LaunchWrapper]: Loading tweak class name net.minecraftforge.gradle.tweakers.CoremodTweaker
[15:25:13] [main/INFO] [LaunchWrapper]: Calling tweak class cpw.mods.fml.common.launcher.FMLTweaker
[15:52:40] [main/INFO] [GradleStart]: username: firstmanfallen@hotmail.com
[15:52:40] [main/INFO] [GradleStart]: Extra: []
[15:52:40] [main/INFO] [GradleStart]: Password found, attempting login
[15:52:40] [main/INFO] [GradleStart]: Login Succesful!
[15:52:41] [main/INFO] [GradleStart]: Running with arguments: [--userProperties, {}, --assetsDir, C:/Users/James D/.gradle/caches/minecraft/assets, --assetIndex, 1.7.10, --userType, mojang, --accessToken, {REDACTED}, --version, 1.7.10, --uuid, d5a72d1d625e48e6af51d010b14d667e, --username, donzil, --tweakClass, cpw.mods.fml.common.launcher.FMLTweaker, --tweakClass, net.minecraftforge.gradle.tweakers.CoremodTweaker]
[15:52:41] [main/INFO] [LaunchWrapper]: Loading tweak class name cpw.mods.fml.common.launcher.FMLTweaker
[15:52:41] [main/INFO] [LaunchWrapper]: Using primary tweak class name cpw.mods.fml.common.launcher.FMLTweaker
[15:52:41] [main/INFO] [LaunchWrapper]: Loading tweak class name net.minecraftforge.gradle.tweakers.CoremodTweaker
[15:52:41] [main/INFO] [LaunchWrapper]: Calling tweak class cpw.mods.fml.common.launcher.FMLTweaker
[16:06:57] [main/INFO] [GradleStart]: Extra: []
[16:06:57] [main/INFO] [GradleStart]: Running with arguments: [--tweakClass, cpw.mods.fml.common.launcher.FMLServerTweaker, --tweakClass, net.minecraftforge.gradle.tweakers.CoremodTweaker]
[16:06:57] [main/INFO] [LaunchWrapper]: Loading tweak class name cpw.mods.fml.common.launcher.FMLServerTweaker
[16:06:57] [main/INFO] [LaunchWrapper]: Using primary tweak class name cpw.mods.fml.common.launcher.FMLServerTweaker
[16:06:57] [main/INFO] [LaunchWrapper]: Loading tweak class name net.minecraftforge.gradle.tweakers.CoremodTweaker
[16:06:57] [main/INFO] [LaunchWrapper]: Calling tweak class cpw.mods.fml.common.launcher.FMLServerTweaker
[17:12:09] [main/INFO] [GradleStart]: username: firstmanfallen@hotmail.com
[17:12:09] [main/INFO] [GradleStart]: Extra: []
[17:12:09] [main/INFO] [GradleStart]: Password found, attempting login
[17:12:10] [main/INFO] [GradleStart]: Login Succesful!
[17:12:10] [main/INFO] [GradleStart]: Running with arguments: [--userProperties, {}, --assetsDir, C:/Users/James D/.gradle/caches/minecraft/assets, --assetIndex, 1.7.10, --userType, mojang, --accessToken, {REDACTED}, --version, 1.7.10, --uuid, d5a72d1d625e48e6af51d010b14d667e, --username, donzil, --tweakClass, cpw.mods.fml.common.launcher.FMLTweaker, --tweakClass, net.minecraftforge.gradle.tweakers.CoremodTweaker]
[17:12:10] [main/INFO] [LaunchWrapper]: Loading tweak class name cpw.mods.fml.common.launcher.FMLTweaker
[17:12:10] [main/INFO] [LaunchWrapper]: Using primary tweak class name cpw.mods.fml.common.launcher.FMLTweaker
[17:12:10] [main/INFO] [LaunchWrapper]: Loading tweak class name net.minecraftforge.gradle.tweakers.CoremodTweaker
[17:12:10] [main/INFO] [LaunchWrapper]: Calling tweak class cpw.mods.fml.common.launcher.FMLTweaker
[18:48:11] [main/INFO] [GradleStart]: username: firstmanfallen@hotmail.com
[18:48:11] [main/INFO] [GradleStart]: Extra: []
[18:48:11] [main/INFO] [GradleStart]: Password found, attempting login
[18:48:11] [main/INFO] [GradleStart]: Login Succesful!
[18:48:11] [main/INFO] [GradleStart]: Running with arguments: [--userProperties, {}, --assetsDir, C:/Users/James D/.gradle/caches/minecraft/assets, --assetIndex, 1.7.10, --userType, mojang, --accessToken, {REDACTED}, --version, 1.7.10, --uuid, d5a72d1d625e48e6af51d010b14d667e, --username, donzil, --tweakClass, cpw.mods.fml.common.launcher.FMLTweaker, --tweakClass, net.minecraftforge.gradle.tweakers.CoremodTweaker]
[18:48:11] [main/INFO] [LaunchWrapper]: Loading tweak class name cpw.mods.fml.common.launcher.FMLTweaker
[18:48:11] [main/INFO] [LaunchWrapper]: Using primary tweak class name cpw.mods.fml.common.launcher.FMLTweaker
[18:48:11] [main/INFO] [LaunchWrapper]: Loading tweak class name net.minecraftforge.gradle.tweakers.CoremodTweaker
[18:48:11] [main/INFO] [LaunchWrapper]: Calling tweak class cpw.mods.fml.common.launcher.FMLTweaker
[23:04:52] [main/INFO] [GradleStart]: username: firstmanfallen@hotmail.com
[23:04:52] [main/INFO] [GradleStart]: Extra: []
[23:04:52] [main/INFO] [GradleStart]: Password found, attempting login
[23:04:53] [main/INFO] [GradleStart]: Login Succesful!
[23:04:53] [main/INFO] [GradleStart]: Running with arguments: [--userProperties, {}, --assetsDir, C:/Users/James D/.gradle/caches/minecraft/assets, --assetIndex, 1.7.10, --userType, mojang, --accessToken, {REDACTED}, --version, 1.7.10, --uuid, d5a72d1d625e48e6af51d010b14d667e, --username, donzil, --tweakClass, cpw.mods.fml.common.launcher.FMLTweaker, --tweakClass, net.minecraftforge.gradle.tweakers.CoremodTweaker]
[23:04:53] [main/INFO] [LaunchWrapper]: Loading tweak class name cpw.mods.fml.common.launcher.FMLTweaker
[23:04:53] [main/INFO] [LaunchWrapper]: Using primary tweak class name cpw.mods.fml.common.launcher.FMLTweaker
[23:04:53] [main/INFO] [LaunchWrapper]: Loading tweak class name net.minecraftforge.gradle.tweakers.CoremodTweaker
[23:04:53] [main/INFO] [LaunchWrapper]: Calling tweak class cpw.mods.fml.common.launcher.FMLTweaker
[23:10:46] [main/INFO] [GradleStart]: username: firstmanfallen@hotmail.com
[23:10:46] [main/INFO] [GradleStart]: Extra: []
[23:10:46] [main/INFO] [GradleStart]: Password found, attempting login
[23:10:46] [main/INFO] [GradleStart]: Login Succesful!
[23:10:47] [main/INFO] [GradleStart]: Running with arguments: [--userProperties, {}, --assetsDir, C:/Users/James D/.gradle/caches/minecraft/assets, --assetIndex, 1.7.10, --userType, mojang, --accessToken, {REDACTED}, --version, 1.7.10, --uuid, d5a72d1d625e48e6af51d010b14d667e, --username, donzil, --tweakClass, cpw.mods.fml.common.launcher.FMLTweaker, --tweakClass, net.minecraftforge.gradle.tweakers.CoremodTweaker]
[23:10:47] [main/INFO] [LaunchWrapper]: Loading tweak class name cpw.mods.fml.common.launcher.FMLTweaker
[23:10:47] [main/INFO] [LaunchWrapper]: Using primary tweak class name cpw.mods.fml.common.launcher.FMLTweaker
[23:10:47] [main/INFO] [LaunchWrapper]: Loading tweak class name net.minecraftforge.gradle.tweakers.CoremodTweaker
[23:10:47] [main/INFO] [LaunchWrapper]: Calling tweak class cpw.mods.fml.common.launcher.FMLTweaker
[23:13:27] [main/INFO] [GradleStart]: username: firstmanfallen@hotmail.com
[23:13:27] [main/INFO] [GradleStart]: Extra: []
[23:13:27] [main/INFO] [GradleStart]: Password found, attempting login
[23:13:28] [main/INFO] [GradleStart]: Login Succesful!
[23:13:28] [main/INFO] [GradleStart]: Running with arguments: [--userProperties, {}, --assetsDir, C:/Users/James D/.gradle/caches/minecraft/assets, --assetIndex, 1.7.10, --userType, mojang, --accessToken, {REDACTED}, --version, 1.7.10, --uuid, d5a72d1d625e48e6af51d010b14d667e, --username, donzil, --tweakClass, cpw.mods.fml.common.launcher.FMLTweaker, --tweakClass, net.minecraftforge.gradle.tweakers.CoremodTweaker]
[23:13:28] [main/INFO] [LaunchWrapper]: Loading tweak class name cpw.mods.fml.common.launcher.FMLTweaker
[23:13:28] [main/INFO] [LaunchWrapper]: Using primary tweak class name cpw.mods.fml.common.launcher.FMLTweaker
[23:13:28] [main/INFO] [LaunchWrapper]: Loading tweak class name net.minecraftforge.gradle.tweakers.CoremodTweaker
[23:13:28] [main/INFO] [LaunchWrapper]: Calling tweak class cpw.mods.fml.common.launcher.FMLTweaker
[23:14:00] [main/INFO] [GradleStart]: username: firstmanfallen@hotmail.com
[23:14:00] [main/INFO] [GradleStart]: Extra: []
[23:14:00] [main/INFO] [GradleStart]: Password found, attempting login
[23:14:01] [main/INFO] [GradleStart]: Login Succesful!
[23:14:01] [main/INFO] [GradleStart]: Running with arguments: [--userProperties, {}, --assetsDir, C:/Users/James D/.gradle/caches/minecraft/assets, --assetIndex, 1.7.10, --userType, mojang, --accessToken, {REDACTED}, --version, 1.7.10, --uuid, d5a72d1d625e48e6af51d010b14d667e, --username, donzil, --tweakClass, cpw.mods.fml.common.launcher.FMLTweaker, --tweakClass, net.minecraftforge.gradle.tweakers.CoremodTweaker]
[23:14:01] [main/INFO] [LaunchWrapper]: Loading tweak class name cpw.mods.fml.common.launcher.FMLTweaker
[23:14:01] [main/INFO] [LaunchWrapper]: Using primary tweak class name cpw.mods.fml.common.launcher.FMLTweaker
[23:14:01] [main/INFO] [LaunchWrapper]: Loading tweak class name net.minecraftforge.gradle.tweakers.CoremodTweaker
[23:14:01] [main/INFO] [LaunchWrapper]: Calling tweak class cpw.mods.fml.common.launcher.FMLTweaker
[23:16:20] [main/INFO] [GradleStart]: username: firstmanfallen@hotmail.com
[23:16:20] [main/INFO] [GradleStart]: Extra: []
[23:16:20] [main/INFO] [GradleStart]: Password found, attempting login
[23:16:22] [main/INFO] [GradleStart]: Login Succesful!
[23:16:22] [main/INFO] [GradleStart]: Running with arguments: [--userProperties, {}, --assetsDir, C:/Users/James D/.gradle/caches/minecraft/assets, --assetIndex, 1.7.10, --userType, mojang, --accessToken, {REDACTED}, --version, 1.7.10, --uuid, d5a72d1d625e48e6af51d010b14d667e, --username, donzil, --tweakClass, cpw.mods.fml.common.launcher.FMLTweaker, --tweakClass, net.minecraftforge.gradle.tweakers.CoremodTweaker]
[23:16:22] [main/INFO] [LaunchWrapper]: Loading tweak class name cpw.mods.fml.common.launcher.FMLTweaker
[23:16:22] [main/INFO] [LaunchWrapper]: Using primary tweak class name cpw.mods.fml.common.launcher.FMLTweaker
[23:16:22] [main/INFO] [LaunchWrapper]: Loading tweak class name net.minecraftforge.gradle.tweakers.CoremodTweaker
[23:16:22] [main/INFO] [LaunchWrapper]: Calling tweak class cpw.mods.fml.common.launcher.FMLTweaker
[23:18:06] [main/INFO] [GradleStart]: username: firstmanfallen@hotmail.com
[23:18:06] [main/INFO] [GradleStart]: Extra: []
[23:18:06] [main/INFO] [GradleStart]: Password found, attempting login
[23:18:07] [main/INFO] [GradleStart]: Login Succesful!
[23:18:07] [main/INFO] [GradleStart]: Running with arguments: [--userProperties, {}, --assetsDir, C:/Users/James D/.gradle/caches/minecraft/assets, --assetIndex, 1.7.10, --userType, mojang, --accessToken, {REDACTED}, --version, 1.7.10, --uuid, d5a72d1d625e48e6af51d010b14d667e, --username, donzil, --tweakClass, cpw.mods.fml.common.launcher.FMLTweaker, --tweakClass, net.minecraftforge.gradle.tweakers.CoremodTweaker]
[23:18:07] [main/INFO] [LaunchWrapper]: Loading tweak class name cpw.mods.fml.common.launcher.FMLTweaker
[23:18:07] [main/INFO] [LaunchWrapper]: Using primary tweak class name cpw.mods.fml.common.launcher.FMLTweaker
[23:18:07] [main/INFO] [LaunchWrapper]: Loading tweak class name net.minecraftforge.gradle.tweakers.CoremodTweaker
[23:18:07] [main/INFO] [LaunchWrapper]: Calling tweak class cpw.mods.fml.common.launcher.FMLTweaker
[23:26:25] [main/INFO] [GradleStart]: username: firstmanfallen@hotmail.com
[23:26:25] [main/INFO] [GradleStart]: Extra: []
[23:26:25] [main/INFO] [GradleStart]: Password found, attempting login
[23:26:26] [main/INFO] [GradleStart]: Login Succesful!
[23:26:26] [main/INFO] [GradleStart]: Running with arguments: [--userProperties, {}, --assetsDir, C:/Users/James D/.gradle/caches/minecraft/assets, --assetIndex, 1.7.10, --userType, mojang, --accessToken, {REDACTED}, --version, 1.7.10, --uuid, d5a72d1d625e48e6af51d010b14d667e, --username, donzil, --tweakClass, cpw.mods.fml.common.launcher.FMLTweaker, --tweakClass, net.minecraftforge.gradle.tweakers.CoremodTweaker]
[23:26:26] [main/INFO] [LaunchWrapper]: Loading tweak class name cpw.mods.fml.common.launcher.FMLTweaker
[23:26:26] [main/INFO] [LaunchWrapper]: Using primary tweak class name cpw.mods.fml.common.launcher.FMLTweaker
[23:26:26] [main/INFO] [LaunchWrapper]: Loading tweak class name net.minecraftforge.gradle.tweakers.CoremodTweaker
[23:26:26] [main/INFO] [LaunchWrapper]: Calling tweak class cpw.mods.fml.common.launcher.FMLTweaker
[23:36:32] [main/INFO] [GradleStart]: username: firstmanfallen@hotmail.com
[23:36:32] [main/INFO] [GradleStart]: Extra: []
[23:36:32] [main/INFO] [GradleStart]: Password found, attempting login
[23:36:33] [main/INFO] [GradleStart]: Login Succesful!
[23:36:33] [main/INFO] [GradleStart]: Running with arguments: [--userProperties, {}, --assetsDir, C:/Users/James D/.gradle/caches/minecraft/assets, --assetIndex, 1.7.10, --userType, mojang, --accessToken, {REDACTED}, --version, 1.7.10, --uuid, d5a72d1d625e48e6af51d010b14d667e, --username, donzil, --tweakClass, cpw.mods.fml.common.launcher.FMLTweaker, --tweakClass, net.minecraftforge.gradle.tweakers.CoremodTweaker]
[23:36:33] [main/INFO] [LaunchWrapper]: Loading tweak class name cpw.mods.fml.common.launcher.FMLTweaker
[23:36:33] [main/INFO] [LaunchWrapper]: Using primary tweak class name cpw.mods.fml.common.launcher.FMLTweaker
[23:36:33] [main/INFO] [LaunchWrapper]: Loading tweak class name net.minecraftforge.gradle.tweakers.CoremodTweaker
[23:36:33] [main/INFO] [LaunchWrapper]: Calling tweak class cpw.mods.fml.common.launcher.FMLTweaker
[23:38:51] [main/INFO] [GradleStart]: username: firstmanfallen@hotmail.com
[23:38:51] [main/INFO] [GradleStart]: Extra: []
[23:38:51] [main/INFO] [GradleStart]: Password found, attempting login
[23:38:52] [main/INFO] [GradleStart]: Login Succesful!
[23:38:52] [main/INFO] [GradleStart]: Running with arguments: [--userProperties, {}, --assetsDir, C:/Users/James D/.gradle/caches/minecraft/assets, --assetIndex, 1.7.10, --userType, mojang, --accessToken, {REDACTED}, --version, 1.7.10, --uuid, d5a72d1d625e48e6af51d010b14d667e, --username, donzil, --tweakClass, cpw.mods.fml.common.launcher.FMLTweaker, --tweakClass, net.minecraftforge.gradle.tweakers.CoremodTweaker]
[23:38:52] [main/INFO] [LaunchWrapper]: Loading tweak class name cpw.mods.fml.common.launcher.FMLTweaker
[23:38:52] [main/INFO] [LaunchWrapper]: Using primary tweak class name cpw.mods.fml.common.launcher.FMLTweaker
[23:38:52] [main/INFO] [LaunchWrapper]: Loading tweak class name net.minecraftforge.gradle.tweakers.CoremodTweaker
[23:38:52] [main/INFO] [LaunchWrapper]: Calling tweak class cpw.mods.fml.common.launcher.FMLTweaker
[23:39:45] [main/INFO] [GradleStart]: username: firstmanfallen@hotmail.com
[23:39:45] [main/INFO] [GradleStart]: Extra: []
[23:39:45] [main/INFO] [GradleStart]: Password found, attempting login
[23:39:46] [main/INFO] [GradleStart]: Login Succesful!
[23:39:46] [main/INFO] [GradleStart]: Running with arguments: [--userProperties, {}, --assetsDir, C:/Users/James D/.gradle/caches/minecraft/assets, --assetIndex, 1.7.10, --userType, mojang, --accessToken, {REDACTED}, --version, 1.7.10, --uuid, d5a72d1d625e48e6af51d010b14d667e, --username, donzil, --tweakClass, cpw.mods.fml.common.launcher.FMLTweaker, --tweakClass, net.minecraftforge.gradle.tweakers.CoremodTweaker]
[23:39:46] [main/INFO] [LaunchWrapper]: Loading tweak class name cpw.mods.fml.common.launcher.FMLTweaker
[23:39:46] [main/INFO] [LaunchWrapper]: Using primary tweak class name cpw.mods.fml.common.launcher.FMLTweaker
[23:39:46] [main/INFO] [LaunchWrapper]: Loading tweak class name net.minecraftforge.gradle.tweakers.CoremodTweaker
[23:39:46] [main/INFO] [LaunchWrapper]: Calling tweak class cpw.mods.fml.common.launcher.FMLTweaker
[23:41:20] [main/INFO] [GradleStart]: username: firstmanfallen@hotmail.com
[23:41:20] [main/INFO] [GradleStart]: Extra: []
[23:41:20] [main/INFO] [GradleStart]: Password found, attempting login
[23:41:21] [main/INFO] [GradleStart]: Login Succesful!
[23:41:21] [main/INFO] [GradleStart]: Running with arguments: [--userProperties, {}, --assetsDir, C:/Users/James D/.gradle/caches/minecraft/assets, --assetIndex, 1.7.10, --userType, mojang, --accessToken, {REDACTED}, --version, 1.7.10, --uuid, d5a72d1d625e48e6af51d010b14d667e, --username, donzil, --tweakClass, cpw.mods.fml.common.launcher.FMLTweaker, --tweakClass, net.minecraftforge.gradle.tweakers.CoremodTweaker]
[23:41:21] [main/INFO] [LaunchWrapper]: Loading tweak class name cpw.mods.fml.common.launcher.FMLTweaker
[23:41:21] [main/INFO] [LaunchWrapper]: Using primary tweak class name cpw.mods.fml.common.launcher.FMLTweaker
[23:41:21] [main/INFO] [LaunchWrapper]: Loading tweak class name net.minecraftforge.gradle.tweakers.CoremodTweaker
[23:41:21] [main/INFO] [LaunchWrapper]: Calling tweak class cpw.mods.fml.common.launcher.FMLTweaker
[23:46:49] [main/INFO] [GradleStart]: username: firstmanfallen@hotmail.com
[23:46:49] [main/INFO] [GradleStart]: Extra: []
[23:46:49] [main/INFO] [GradleStart]: Password found, attempting login
[23:46:50] [main/INFO] [GradleStart]: Login Succesful!
[23:46:50] [main/INFO] [GradleStart]: Running with arguments: [--userProperties, {}, --assetsDir, C:/Users/James D/.gradle/caches/minecraft/assets, --assetIndex, 1.7.10, --userType, mojang, --accessToken, {REDACTED}, --version, 1.7.10, --uuid, d5a72d1d625e48e6af51d010b14d667e, --username, donzil, --tweakClass, cpw.mods.fml.common.launcher.FMLTweaker, --tweakClass, net.minecraftforge.gradle.tweakers.CoremodTweaker]
[23:46:50] [main/INFO] [LaunchWrapper]: Loading tweak class name cpw.mods.fml.common.launcher.FMLTweaker
[23:46:50] [main/INFO] [LaunchWrapper]: Using primary tweak class name cpw.mods.fml.common.launcher.FMLTweaker
[23:46:50] [main/INFO] [LaunchWrapper]: Loading tweak class name net.minecraftforge.gradle.tweakers.CoremodTweaker
[23:46:50] [main/INFO] [LaunchWrapper]: Calling tweak class cpw.mods.fml.common.launcher.FMLTweaker
[23:47:44] [main/INFO] [GradleStart]: username: firstmanfallen@hotmail.com
[23:47:44] [main/INFO] [GradleStart]: Extra: []
[23:47:44] [main/INFO] [GradleStart]: Password found, attempting login
[23:47:45] [main/INFO] [GradleStart]: Login Succesful!
[23:47:45] [main/INFO] [GradleStart]: Running with arguments: [--userProperties, {}, --assetsDir, C:/Users/James D/.gradle/caches/minecraft/assets, --assetIndex, 1.7.10, --userType, mojang, --accessToken, {REDACTED}, --version, 1.7.10, --uuid, d5a72d1d625e48e6af51d010b14d667e, --username, donzil, --tweakClass, cpw.mods.fml.common.launcher.FMLTweaker, --tweakClass, net.minecraftforge.gradle.tweakers.CoremodTweaker]
[23:47:45] [main/INFO] [LaunchWrapper]: Loading tweak class name cpw.mods.fml.common.launcher.FMLTweaker
[23:47:45] [main/INFO] [LaunchWrapper]: Using primary tweak class name cpw.mods.fml.common.launcher.FMLTweaker
[23:47:45] [main/INFO] [LaunchWrapper]: Loading tweak class name net.minecraftforge.gradle.tweakers.CoremodTweaker
[23:47:45] [main/INFO] [LaunchWrapper]: Calling tweak class cpw.mods.fml.common.launcher.FMLTweaker
[00:36:25] [main/INFO] [GradleStart]: username: firstmanfallen@hotmail.com
[00:36:25] [main/INFO] [GradleStart]: Extra: []
[00:36:25] [main/INFO] [GradleStart]: Password found, attempting login
[00:36:26] [main/INFO] [GradleStart]: Login Succesful!
[00:36:26] [main/INFO] [GradleStart]: Running with arguments: [--userProperties, {}, --assetsDir, C:/Users/James D/.gradle/caches/minecraft/assets, --assetIndex, 1.7.10, --userType, mojang, --accessToken, {REDACTED}, --version, 1.7.10, --uuid, d5a72d1d625e48e6af51d010b14d667e, --username, donzil, --tweakClass, cpw.mods.fml.common.launcher.FMLTweaker, --tweakClass, net.minecraftforge.gradle.tweakers.CoremodTweaker]
[00:36:26] [main/INFO] [LaunchWrapper]: Loading tweak class name cpw.mods.fml.common.launcher.FMLTweaker
[00:36:26] [main/INFO] [LaunchWrapper]: Using primary tweak class name cpw.mods.fml.common.launcher.FMLTweaker
[00:36:26] [main/INFO] [LaunchWrapper]: Loading tweak class name net.minecraftforge.gradle.tweakers.CoremodTweaker
[00:36:26] [main/INFO] [LaunchWrapper]: Calling tweak class cpw.mods.fml.common.launcher.FMLTweaker
[00:38:36] [main/INFO] [GradleStart]: username: firstmanfallen@hotmail.com
[00:38:36] [main/INFO] [GradleStart]: Extra: []
[00:38:36] [main/INFO] [GradleStart]: Password found, attempting login
[00:38:37] [main/INFO] [GradleStart]: Login Succesful!
[00:38:37] [main/INFO] [GradleStart]: Running with arguments: [--userProperties, {}, --assetsDir, C:/Users/James D/.gradle/caches/minecraft/assets, --assetIndex, 1.7.10, --userType, mojang, --accessToken, {REDACTED}, --version, 1.7.10, --uuid, d5a72d1d625e48e6af51d010b14d667e, --username, donzil, --tweakClass, cpw.mods.fml.common.launcher.FMLTweaker, --tweakClass, net.minecraftforge.gradle.tweakers.CoremodTweaker]
[00:38:37] [main/INFO] [LaunchWrapper]: Loading tweak class name cpw.mods.fml.common.launcher.FMLTweaker
[00:38:37] [main/INFO] [LaunchWrapper]: Using primary tweak class name cpw.mods.fml.common.launcher.FMLTweaker
[00:38:37] [main/INFO] [LaunchWrapper]: Loading tweak class name net.minecraftforge.gradle.tweakers.CoremodTweaker
[00:38:37] [main/INFO] [LaunchWrapper]: Calling tweak class cpw.mods.fml.common.launcher.FMLTweaker
[00:39:48] [main/INFO] [GradleStart]: username: firstmanfallen@hotmail.com
[00:39:48] [main/INFO] [GradleStart]: Extra: []
[00:39:48] [main/INFO] [GradleStart]: Password found, attempting login
[00:39:49] [main/INFO] [GradleStart]: Login Succesful!
[00:39:49] [main/INFO] [GradleStart]: Running with arguments: [--userProperties, {}, --assetsDir, C:/Users/James D/.gradle/caches/minecraft/assets, --assetIndex, 1.7.10, --userType, mojang, --accessToken, {REDACTED}, --version, 1.7.10, --uuid, d5a72d1d625e48e6af51d010b14d667e, --username, donzil, --tweakClass, cpw.mods.fml.common.launcher.FMLTweaker, --tweakClass, net.minecraftforge.gradle.tweakers.CoremodTweaker]
[00:39:49] [main/INFO] [LaunchWrapper]: Loading tweak class name cpw.mods.fml.common.launcher.FMLTweaker
[00:39:49] [main/INFO] [LaunchWrapper]: Using primary tweak class name cpw.mods.fml.common.launcher.FMLTweaker
[00:39:49] [main/INFO] [LaunchWrapper]: Loading tweak class name net.minecraftforge.gradle.tweakers.CoremodTweaker
[00:39:49] [main/INFO] [LaunchWrapper]: Calling tweak class cpw.mods.fml.common.launcher.FMLTweaker
[09:21:26] [main/INFO] [GradleStart]: username: firstmanfallen@hotmail.com
[09:21:26] [main/INFO] [GradleStart]: Extra: []
[09:21:26] [main/INFO] [GradleStart]: Password found, attempting login
[09:21:27] [main/INFO] [GradleStart]: Login Succesful!
[09:21:27] [main/INFO] [GradleStart]: Running with arguments: [--userProperties, {}, --assetsDir, C:/Users/James D/.gradle/caches/minecraft/assets, --assetIndex, 1.7.10, --userType, mojang, --accessToken, {REDACTED}, --version, 1.7.10, --uuid, d5a72d1d625e48e6af51d010b14d667e, --username, donzil, --tweakClass, cpw.mods.fml.common.launcher.FMLTweaker, --tweakClass, net.minecraftforge.gradle.tweakers.CoremodTweaker]
[09:21:27] [main/INFO] [LaunchWrapper]: Loading tweak class name cpw.mods.fml.common.launcher.FMLTweaker
[09:21:27] [main/INFO] [LaunchWrapper]: Using primary tweak class name cpw.mods.fml.common.launcher.FMLTweaker
[09:21:27] [main/INFO] [LaunchWrapper]: Loading tweak class name net.minecraftforge.gradle.tweakers.CoremodTweaker
[09:21:27] [main/INFO] [LaunchWrapper]: Calling tweak class cpw.mods.fml.common.launcher.FMLTweaker
[09:23:40] [main/INFO] [GradleStart]: username: firstmanfallen@hotmail.com
[09:23:40] [main/INFO] [GradleStart]: Extra: []
[09:23:40] [main/INFO] [GradleStart]: Password found, attempting login
[09:23:41] [main/INFO] [GradleStart]: Login Succesful!
[09:23:41] [main/INFO] [GradleStart]: Running with arguments: [--userProperties, {}, --assetsDir, C:/Users/James D/.gradle/caches/minecraft/assets, --assetIndex, 1.7.10, --userType, mojang, --accessToken, {REDACTED}, --version, 1.7.10, --uuid, d5a72d1d625e48e6af51d010b14d667e, --username, donzil, --tweakClass, cpw.mods.fml.common.launcher.FMLTweaker, --tweakClass, net.minecraftforge.gradle.tweakers.CoremodTweaker]
[09:23:41] [main/INFO] [LaunchWrapper]: Loading tweak class name cpw.mods.fml.common.launcher.FMLTweaker
[09:23:41] [main/INFO] [LaunchWrapper]: Using primary tweak class name cpw.mods.fml.common.launcher.FMLTweaker
[09:23:41] [main/INFO] [LaunchWrapper]: Loading tweak class name net.minecraftforge.gradle.tweakers.CoremodTweaker
[09:23:41] [main/INFO] [LaunchWrapper]: Calling tweak class cpw.mods.fml.common.launcher.FMLTweaker
[09:50:27] [main/INFO] [GradleStart]: username: firstmanfallen@hotmail.com
[09:50:27] [main/INFO] [GradleStart]: Extra: []
[09:50:27] [main/INFO] [GradleStart]: Password found, attempting login
[09:50:27] [main/INFO] [GradleStart]: Login Succesful!
[09:50:28] [main/INFO] [GradleStart]: Running with arguments: [--userProperties, {}, --assetsDir, C:/Users/James D/.gradle/caches/minecraft/assets, --assetIndex, 1.7.10, --userType, mojang, --accessToken, {REDACTED}, --version, 1.7.10, --uuid, d5a72d1d625e48e6af51d010b14d667e, --username, donzil, --tweakClass, cpw.mods.fml.common.launcher.FMLTweaker, --tweakClass, net.minecraftforge.gradle.tweakers.CoremodTweaker]
[09:50:28] [main/INFO] [LaunchWrapper]: Loading tweak class name cpw.mods.fml.common.launcher.FMLTweaker
[09:50:28] [main/INFO] [LaunchWrapper]: Using primary tweak class name cpw.mods.fml.common.launcher.FMLTweaker
[09:50:28] [main/INFO] [LaunchWrapper]: Loading tweak class name net.minecraftforge.gradle.tweakers.CoremodTweaker
[09:50:28] [main/INFO] [LaunchWrapper]: Calling tweak class cpw.mods.fml.common.launcher.FMLTweaker
[11:27:03] [main/INFO] [GradleStart]: username: firstmanfallen@hotmail.com
[11:27:03] [main/INFO] [GradleStart]: Extra: []
[11:27:03] [main/INFO] [GradleStart]: Password found, attempting login
[11:27:07] [main/INFO] [GradleStart]: Login Succesful!
[11:27:07] [main/INFO] [GradleStart]: Running with arguments: [--userProperties, {}, --assetsDir, C:/Users/James D/.gradle/caches/minecraft/assets, --assetIndex, 1.7.10, --userType, mojang, --accessToken, {REDACTED}, --version, 1.7.10, --uuid, d5a72d1d625e48e6af51d010b14d667e, --username, donzil, --tweakClass, cpw.mods.fml.common.launcher.FMLTweaker, --tweakClass, net.minecraftforge.gradle.tweakers.CoremodTweaker]
[11:27:07] [main/INFO] [LaunchWrapper]: Loading tweak class name cpw.mods.fml.common.launcher.FMLTweaker
[11:27:07] [main/INFO] [LaunchWrapper]: Using primary tweak class name cpw.mods.fml.common.launcher.FMLTweaker
[11:27:07] [main/INFO] [LaunchWrapper]: Loading tweak class name net.minecraftforge.gradle.tweakers.CoremodTweaker
[11:27:07] [main/INFO] [LaunchWrapper]: Calling tweak class cpw.mods.fml.common.launcher.FMLTweaker
[11:27:56] [main/INFO] [GradleStart]: username: firstmanfallen@hotmail.com
[11:27:56] [main/INFO] [GradleStart]: Extra: []
[11:27:56] [main/INFO] [GradleStart]: Password found, attempting login
[11:27:56] [main/INFO] [GradleStart]: Login Succesful!
[11:27:56] [main/INFO] [GradleStart]: Running with arguments: [--userProperties, {}, --assetsDir, C:/Users/James D/.gradle/caches/minecraft/assets, --assetIndex, 1.7.10, --userType, mojang, --accessToken, {REDACTED}, --version, 1.7.10, --uuid, d5a72d1d625e48e6af51d010b14d667e, --username, donzil, --tweakClass, cpw.mods.fml.common.launcher.FMLTweaker, --tweakClass, net.minecraftforge.gradle.tweakers.CoremodTweaker]
[11:27:56] [main/INFO] [LaunchWrapper]: Loading tweak class name cpw.mods.fml.common.launcher.FMLTweaker
[11:27:56] [main/INFO] [LaunchWrapper]: Using primary tweak class name cpw.mods.fml.common.launcher.FMLTweaker
[11:27:56] [main/INFO] [LaunchWrapper]: Loading tweak class name net.minecraftforge.gradle.tweakers.CoremodTweaker
[11:27:57] [main/INFO] [LaunchWrapper]: Calling tweak class cpw.mods.fml.common.launcher.FMLTweaker
[11:45:51] [main/INFO] [GradleStart]: username: firstmanfallen@hotmail.com
[11:45:51] [main/INFO] [GradleStart]: Extra: []
[11:45:51] [main/INFO] [GradleStart]: Password found, attempting login
[11:45:52] [main/INFO] [GradleStart]: Login Succesful!
[11:45:52] [main/INFO] [GradleStart]: Running with arguments: [--userProperties, {}, --assetsDir, C:/Users/James D/.gradle/caches/minecraft/assets, --assetIndex, 1.7.10, --userType, mojang, --accessToken, {REDACTED}, --version, 1.7.10, --uuid, d5a72d1d625e48e6af51d010b14d667e, --username, donzil, --tweakClass, cpw.mods.fml.common.launcher.FMLTweaker, --tweakClass, net.minecraftforge.gradle.tweakers.CoremodTweaker]
[11:45:52] [main/INFO] [LaunchWrapper]: Loading tweak class name cpw.mods.fml.common.launcher.FMLTweaker
[11:45:52] [main/INFO] [LaunchWrapper]: Using primary tweak class name cpw.mods.fml.common.launcher.FMLTweaker
[11:45:52] [main/INFO] [LaunchWrapper]: Loading tweak class name net.minecraftforge.gradle.tweakers.CoremodTweaker
[11:45:52] [main/INFO] [LaunchWrapper]: Calling tweak class cpw.mods.fml.common.launcher.FMLTweaker
[11:50:35] [main/INFO] [GradleStart]: username: firstmanfallen@hotmail.com
[11:50:35] [main/INFO] [GradleStart]: Extra: []
[11:50:35] [main/INFO] [GradleStart]: Password found, attempting login
[11:50:36] [main/INFO] [GradleStart]: Login Succesful!
[11:50:36] [main/INFO] [GradleStart]: Running with arguments: [--userProperties, {}, --assetsDir, C:/Users/James D/.gradle/caches/minecraft/assets, --assetIndex, 1.7.10, --userType, mojang, --accessToken, {REDACTED}, --version, 1.7.10, --uuid, d5a72d1d625e48e6af51d010b14d667e, --username, donzil, --tweakClass, cpw.mods.fml.common.launcher.FMLTweaker, --tweakClass, net.minecraftforge.gradle.tweakers.CoremodTweaker]
[11:50:36] [main/INFO] [LaunchWrapper]: Loading tweak class name cpw.mods.fml.common.launcher.FMLTweaker
[11:50:36] [main/INFO] [LaunchWrapper]: Using primary tweak class name cpw.mods.fml.common.launcher.FMLTweaker
[11:50:36] [main/INFO] [LaunchWrapper]: Loading tweak class name net.minecraftforge.gradle.tweakers.CoremodTweaker
[11:50:36] [main/INFO] [LaunchWrapper]: Calling tweak class cpw.mods.fml.common.launcher.FMLTweaker
[12:01:16] [main/INFO] [GradleStart]: username: firstmanfallen@hotmail.com
[12:01:16] [main/INFO] [GradleStart]: Extra: []
[12:01:16] [main/INFO] [GradleStart]: Password found, attempting login
[12:01:17] [main/INFO] [GradleStart]: Login Succesful!
[12:01:17] [main/INFO] [GradleStart]: Running with arguments: [--userProperties, {}, --assetsDir, C:/Users/James D/.gradle/caches/minecraft/assets, --assetIndex, 1.7.10, --userType, mojang, --accessToken, {REDACTED}, --version, 1.7.10, --uuid, d5a72d1d625e48e6af51d010b14d667e, --username, donzil, --tweakClass, cpw.mods.fml.common.launcher.FMLTweaker, --tweakClass, net.minecraftforge.gradle.tweakers.CoremodTweaker]
[12:01:17] [main/INFO] [LaunchWrapper]: Loading tweak class name cpw.mods.fml.common.launcher.FMLTweaker
[12:01:17] [main/INFO] [LaunchWrapper]: Using primary tweak class name cpw.mods.fml.common.launcher.FMLTweaker
[12:01:17] [main/INFO] [LaunchWrapper]: Loading tweak class name net.minecraftforge.gradle.tweakers.CoremodTweaker
[12:01:17] [main/INFO] [LaunchWrapper]: Calling tweak class cpw.mods.fml.common.launcher.FMLTweaker
[12:02:22] [main/INFO] [GradleStart]: username: firstmanfallen@hotmail.com
[12:02:22] [main/INFO] [GradleStart]: Extra: []
[12:02:22] [main/INFO] [GradleStart]: Password found, attempting login
[12:02:23] [main/INFO] [GradleStart]: Login Succesful!
[12:02:23] [main/INFO] [GradleStart]: Running with arguments: [--userProperties, {}, --assetsDir, C:/Users/James D/.gradle/caches/minecraft/assets, --assetIndex, 1.7.10, --userType, mojang, --accessToken, {REDACTED}, --version, 1.7.10, --uuid, d5a72d1d625e48e6af51d010b14d667e, --username, donzil, --tweakClass, cpw.mods.fml.common.launcher.FMLTweaker, --tweakClass, net.minecraftforge.gradle.tweakers.CoremodTweaker]
[12:02:23] [main/INFO] [LaunchWrapper]: Loading tweak class name cpw.mods.fml.common.launcher.FMLTweaker
[12:02:23] [main/INFO] [LaunchWrapper]: Using primary tweak class name cpw.mods.fml.common.launcher.FMLTweaker
[12:02:23] [main/INFO] [LaunchWrapper]: Loading tweak class name net.minecraftforge.gradle.tweakers.CoremodTweaker
[12:02:23] [main/INFO] [LaunchWrapper]: Calling tweak class cpw.mods.fml.common.launcher.FMLTweaker
[13:14:28] [main/INFO] [GradleStart]: username: firstmanfallen@hotmail.com
[13:14:28] [main/INFO] [GradleStart]: Extra: []
[13:14:28] [main/INFO] [GradleStart]: Password found, attempting login
[13:14:29] [main/INFO] [GradleStart]: Login Succesful!
[13:14:29] [main/INFO] [GradleStart]: Running with arguments: [--userProperties, {}, --assetsDir, C:/Users/James D/.gradle/caches/minecraft/assets, --assetIndex, 1.7.10, --userType, mojang, --accessToken, {REDACTED}, --version, 1.7.10, --uuid, d5a72d1d625e48e6af51d010b14d667e, --username, donzil, --tweakClass, cpw.mods.fml.common.launcher.FMLTweaker, --tweakClass, net.minecraftforge.gradle.tweakers.CoremodTweaker]
[13:14:29] [main/INFO] [LaunchWrapper]: Loading tweak class name cpw.mods.fml.common.launcher.FMLTweaker
[13:14:29] [main/INFO] [LaunchWrapper]: Using primary tweak class name cpw.mods.fml.common.launcher.FMLTweaker
[13:14:29] [main/INFO] [LaunchWrapper]: Loading tweak class name net.minecraftforge.gradle.tweakers.CoremodTweaker
[13:14:29] [main/INFO] [LaunchWrapper]: Calling tweak class cpw.mods.fml.common.launcher.FMLTweaker
[16:05:17] [main/INFO] [GradleStart]: username: firstmanfallen@hotmail.com
[16:05:17] [main/INFO] [GradleStart]: Extra: []
[16:05:17] [main/INFO] [GradleStart]: Password found, attempting login
[16:05:18] [main/INFO] [GradleStart]: Login Succesful!
[16:05:18] [main/INFO] [GradleStart]: Running with arguments: [--userProperties, {}, --assetsDir, C:/Users/James D/.gradle/caches/minecraft/assets, --assetIndex, 1.7.10, --userType, mojang, --accessToken, {REDACTED}, --version, 1.7.10, --uuid, d5a72d1d625e48e6af51d010b14d667e, --username, donzil, --tweakClass, cpw.mods.fml.common.launcher.FMLTweaker, --tweakClass, net.minecraftforge.gradle.tweakers.CoremodTweaker]
[16:05:18] [main/INFO] [LaunchWrapper]: Loading tweak class name cpw.mods.fml.common.launcher.FMLTweaker
[16:05:18] [main/INFO] [LaunchWrapper]: Using primary tweak class name cpw.mods.fml.common.launcher.FMLTweaker
[16:05:18] [main/INFO] [LaunchWrapper]: Loading tweak class name net.minecraftforge.gradle.tweakers.CoremodTweaker
[16:05:18] [main/INFO] [LaunchWrapper]: Calling tweak class cpw.mods.fml.common.launcher.FMLTweaker
[16:11:30] [main/INFO] [GradleStart]: username: firstmanfallen@hotmail.com
[16:11:30] [main/INFO] [GradleStart]: Extra: []
[16:11:30] [main/INFO] [GradleStart]: Password found, attempting login
[16:11:31] [main/INFO] [GradleStart]: Login Succesful!
[16:11:31] [main/INFO] [GradleStart]: Running with arguments: [--userProperties, {}, --assetsDir, C:/Users/James D/.gradle/caches/minecraft/assets, --assetIndex, 1.7.10, --userType, mojang, --accessToken, {REDACTED}, --version, 1.7.10, --uuid, d5a72d1d625e48e6af51d010b14d667e, --username, donzil, --tweakClass, cpw.mods.fml.common.launcher.FMLTweaker, --tweakClass, net.minecraftforge.gradle.tweakers.CoremodTweaker]
[16:11:31] [main/INFO] [LaunchWrapper]: Loading tweak class name cpw.mods.fml.common.launcher.FMLTweaker
[16:11:31] [main/INFO] [LaunchWrapper]: Using primary tweak class name cpw.mods.fml.common.launcher.FMLTweaker
[16:11:31] [main/INFO] [LaunchWrapper]: Loading tweak class name net.minecraftforge.gradle.tweakers.CoremodTweaker
[16:11:31] [main/INFO] [LaunchWrapper]: Calling tweak class cpw.mods.fml.common.launcher.FMLTweaker
[16:13:39] [main/INFO] [GradleStart]: username: firstmanfallen@hotmail.com
[16:13:39] [main/INFO] [GradleStart]: Extra: []
[16:13:39] [main/INFO] [GradleStart]: Password found, attempting login
[16:13:40] [main/INFO] [GradleStart]: Login Succesful!
[16:13:40] [main/INFO] [GradleStart]: Running with arguments: [--userProperties, {}, --assetsDir, C:/Users/James D/.gradle/caches/minecraft/assets, --assetIndex, 1.7.10, --userType, mojang, --accessToken, {REDACTED}, --version, 1.7.10, --uuid, d5a72d1d625e48e6af51d010b14d667e, --username, donzil, --tweakClass, cpw.mods.fml.common.launcher.FMLTweaker, --tweakClass, net.minecraftforge.gradle.tweakers.CoremodTweaker]
[16:13:40] [main/INFO] [LaunchWrapper]: Loading tweak class name cpw.mods.fml.common.launcher.FMLTweaker
[16:13:40] [main/INFO] [LaunchWrapper]: Using primary tweak class name cpw.mods.fml.common.launcher.FMLTweaker
[16:13:40] [main/INFO] [LaunchWrapper]: Loading tweak class name net.minecraftforge.gradle.tweakers.CoremodTweaker
[16:13:40] [main/INFO] [LaunchWrapper]: Calling tweak class cpw.mods.fml.common.launcher.FMLTweaker
[16:15:11] [main/INFO] [GradleStart]: username: firstmanfallen@hotmail.com
[16:15:11] [main/INFO] [GradleStart]: Extra: []
[16:15:11] [main/INFO] [GradleStart]: Password found, attempting login
[16:15:12] [main/INFO] [GradleStart]: Login Succesful!
[16:15:12] [main/INFO] [GradleStart]: Running with arguments: [--userProperties, {}, --assetsDir, C:/Users/James D/.gradle/caches/minecraft/assets, --assetIndex, 1.7.10, --userType, mojang, --accessToken, {REDACTED}, --version, 1.7.10, --uuid, d5a72d1d625e48e6af51d010b14d667e, --username, donzil, --tweakClass, cpw.mods.fml.common.launcher.FMLTweaker, --tweakClass, net.minecraftforge.gradle.tweakers.CoremodTweaker]
[16:15:12] [main/INFO] [LaunchWrapper]: Loading tweak class name cpw.mods.fml.common.launcher.FMLTweaker
[16:15:12] [main/INFO] [LaunchWrapper]: Using primary tweak class name cpw.mods.fml.common.launcher.FMLTweaker
[16:15:12] [main/INFO] [LaunchWrapper]: Loading tweak class name net.minecraftforge.gradle.tweakers.CoremodTweaker
[16:15:12] [main/INFO] [LaunchWrapper]: Calling tweak class cpw.mods.fml.common.launcher.FMLTweaker
[16:17:25] [main/INFO] [GradleStart]: username: firstmanfallen@hotmail.com
[16:17:25] [main/INFO] [GradleStart]: Extra: []
[16:17:25] [main/INFO] [GradleStart]: Password found, attempting login
[16:17:26] [main/INFO] [GradleStart]: Login Succesful!
[16:17:26] [main/INFO] [GradleStart]: Running with arguments: [--userProperties, {}, --assetsDir, C:/Users/James D/.gradle/caches/minecraft/assets, --assetIndex, 1.7.10, --userType, mojang, --accessToken, {REDACTED}, --version, 1.7.10, --uuid, d5a72d1d625e48e6af51d010b14d667e, --username, donzil, --tweakClass, cpw.mods.fml.common.launcher.FMLTweaker, --tweakClass, net.minecraftforge.gradle.tweakers.CoremodTweaker]
[16:17:26] [main/INFO] [LaunchWrapper]: Loading tweak class name cpw.mods.fml.common.launcher.FMLTweaker
[16:17:26] [main/INFO] [LaunchWrapper]: Using primary tweak class name cpw.mods.fml.common.launcher.FMLTweaker
[16:17:26] [main/INFO] [LaunchWrapper]: Loading tweak class name net.minecraftforge.gradle.tweakers.CoremodTweaker
[16:17:26] [main/INFO] [LaunchWrapper]: Calling tweak class cpw.mods.fml.common.launcher.FMLTweaker
[16:18:48] [main/INFO] [GradleStart]: username: firstmanfallen@hotmail.com
[16:18:48] [main/INFO] [GradleStart]: Extra: []
[16:18:48] [main/INFO] [GradleStart]: Password found, attempting login
[16:18:49] [main/INFO] [GradleStart]: Login Succesful!
[16:18:49] [main/INFO] [GradleStart]: Running with arguments: [--userProperties, {}, --assetsDir, C:/Users/James D/.gradle/caches/minecraft/assets, --assetIndex, 1.7.10, --userType, mojang, --accessToken, {REDACTED}, --version, 1.7.10, --uuid, d5a72d1d625e48e6af51d010b14d667e, --username, donzil, --tweakClass, cpw.mods.fml.common.launcher.FMLTweaker, --tweakClass, net.minecraftforge.gradle.tweakers.CoremodTweaker]
[16:18:49] [main/INFO] [LaunchWrapper]: Loading tweak class name cpw.mods.fml.common.launcher.FMLTweaker
[16:18:49] [main/INFO] [LaunchWrapper]: Using primary tweak class name cpw.mods.fml.common.launcher.FMLTweaker
[16:18:49] [main/INFO] [LaunchWrapper]: Loading tweak class name net.minecraftforge.gradle.tweakers.CoremodTweaker
[16:18:49] [main/INFO] [LaunchWrapper]: Calling tweak class cpw.mods.fml.common.launcher.FMLTweaker
[16:19:30] [main/INFO] [GradleStart]: username: firstmanfallen@hotmail.com
[16:19:30] [main/INFO] [GradleStart]: Extra: []
[16:19:30] [main/INFO] [GradleStart]: Password found, attempting login
[16:19:31] [main/INFO] [GradleStart]: Login Succesful!
[16:19:31] [main/INFO] [GradleStart]: Running with arguments: [--userProperties, {}, --assetsDir, C:/Users/James D/.gradle/caches/minecraft/assets, --assetIndex, 1.7.10, --userType, mojang, --accessToken, {REDACTED}, --version, 1.7.10, --uuid, d5a72d1d625e48e6af51d010b14d667e, --username, donzil, --tweakClass, cpw.mods.fml.common.launcher.FMLTweaker, --tweakClass, net.minecraftforge.gradle.tweakers.CoremodTweaker]
[16:19:31] [main/INFO] [LaunchWrapper]: Loading tweak class name cpw.mods.fml.common.launcher.FMLTweaker
[16:19:31] [main/INFO] [LaunchWrapper]: Using primary tweak class name cpw.mods.fml.common.launcher.FMLTweaker
[16:19:31] [main/INFO] [LaunchWrapper]: Loading tweak class name net.minecraftforge.gradle.tweakers.CoremodTweaker
[16:19:31] [main/INFO] [LaunchWrapper]: Calling tweak class cpw.mods.fml.common.launcher.FMLTweaker
[16:19:58] [main/INFO] [GradleStart]: username: firstmanfallen@hotmail.com
[16:19:58] [main/INFO] [GradleStart]: Extra: []
[16:19:58] [main/INFO] [GradleStart]: Password found, attempting login
[16:19:59] [main/INFO] [GradleStart]: Login Succesful!
[16:19:59] [main/INFO] [GradleStart]: Running with arguments: [--userProperties, {}, --assetsDir, C:/Users/James D/.gradle/caches/minecraft/assets, --assetIndex, 1.7.10, --userType, mojang, --accessToken, {REDACTED}, --version, 1.7.10, --uuid, d5a72d1d625e48e6af51d010b14d667e, --username, donzil, --tweakClass, cpw.mods.fml.common.launcher.FMLTweaker, --tweakClass, net.minecraftforge.gradle.tweakers.CoremodTweaker]
[16:19:59] [main/INFO] [LaunchWrapper]: Loading tweak class name cpw.mods.fml.common.launcher.FMLTweaker
[16:19:59] [main/INFO] [LaunchWrapper]: Using primary tweak class name cpw.mods.fml.common.launcher.FMLTweaker
[16:19:59] [main/INFO] [LaunchWrapper]: Loading tweak class name net.minecraftforge.gradle.tweakers.CoremodTweaker
[16:19:59] [main/INFO] [LaunchWrapper]: Calling tweak class cpw.mods.fml.common.launcher.FMLTweaker
[16:25:35] [main/INFO] [GradleStart]: username: firstmanfallen@hotmail.com
[16:25:36] [main/INFO] [GradleStart]: Extra: []
[16:25:36] [main/INFO] [GradleStart]: Password found, attempting login
[16:25:36] [main/INFO] [GradleStart]: Login Succesful!
[16:25:36] [main/INFO] [GradleStart]: Running with arguments: [--userProperties, {}, --assetsDir, C:/Users/James D/.gradle/caches/minecraft/assets, --assetIndex, 1.7.10, --userType, mojang, --accessToken, {REDACTED}, --version, 1.7.10, --uuid, d5a72d1d625e48e6af51d010b14d667e, --username, donzil, --tweakClass, cpw.mods.fml.common.launcher.FMLTweaker, --tweakClass, net.minecraftforge.gradle.tweakers.CoremodTweaker]
[16:25:36] [main/INFO] [LaunchWrapper]: Loading tweak class name cpw.mods.fml.common.launcher.FMLTweaker
[16:25:36] [main/INFO] [LaunchWrapper]: Using primary tweak class name cpw.mods.fml.common.launcher.FMLTweaker
[16:25:36] [main/INFO] [LaunchWrapper]: Loading tweak class name net.minecraftforge.gradle.tweakers.CoremodTweaker
[16:25:36] [main/INFO] [LaunchWrapper]: Calling tweak class cpw.mods.fml.common.launcher.FMLTweaker
[16:27:28] [main/INFO] [GradleStart]: username: firstmanfallen@hotmail.com
[16:27:28] [main/INFO] [GradleStart]: Extra: []
[16:27:28] [main/INFO] [GradleStart]: Password found, attempting login
[16:27:28] [main/INFO] [GradleStart]: Login Succesful!
[16:27:29] [main/INFO] [GradleStart]: Running with arguments: [--userProperties, {}, --assetsDir, C:/Users/James D/.gradle/caches/minecraft/assets, --assetIndex, 1.7.10, --userType, mojang, --accessToken, {REDACTED}, --version, 1.7.10, --uuid, d5a72d1d625e48e6af51d010b14d667e, --username, donzil, --tweakClass, cpw.mods.fml.common.launcher.FMLTweaker, --tweakClass, net.minecraftforge.gradle.tweakers.CoremodTweaker]
[16:27:29] [main/INFO] [LaunchWrapper]: Loading tweak class name cpw.mods.fml.common.launcher.FMLTweaker
[16:27:29] [main/INFO] [LaunchWrapper]: Using primary tweak class name cpw.mods.fml.common.launcher.FMLTweaker
[16:27:29] [main/INFO] [LaunchWrapper]: Loading tweak class name net.minecraftforge.gradle.tweakers.CoremodTweaker
[16:27:29] [main/INFO] [LaunchWrapper]: Calling tweak class cpw.mods.fml.common.launcher.FMLTweaker
[16:28:27] [main/INFO] [GradleStart]: username: firstmanfallen@hotmail.com
[16:28:27] [main/INFO] [GradleStart]: Extra: []
[16:28:27] [main/INFO] [GradleStart]: Password found, attempting login
[16:28:28] [main/INFO] [GradleStart]: Login Succesful!
[16:28:28] [main/INFO] [GradleStart]: Running with arguments: [--userProperties, {}, --assetsDir, C:/Users/James D/.gradle/caches/minecraft/assets, --assetIndex, 1.7.10, --userType, mojang, --accessToken, {REDACTED}, --version, 1.7.10, --uuid, d5a72d1d625e48e6af51d010b14d667e, --username, donzil, --tweakClass, cpw.mods.fml.common.launcher.FMLTweaker, --tweakClass, net.minecraftforge.gradle.tweakers.CoremodTweaker]
[16:28:28] [main/INFO] [LaunchWrapper]: Loading tweak class name cpw.mods.fml.common.launcher.FMLTweaker
[16:28:28] [main/INFO] [LaunchWrapper]: Using primary tweak class name cpw.mods.fml.common.launcher.FMLTweaker
[16:28:28] [main/INFO] [LaunchWrapper]: Loading tweak class name net.minecraftforge.gradle.tweakers.CoremodTweaker
[16:28:28] [main/INFO] [LaunchWrapper]: Calling tweak class cpw.mods.fml.common.launcher.FMLTweaker
[16:31:50] [main/INFO] [GradleStart]: username: firstmanfallen@hotmail.com
[16:31:50] [main/INFO] [GradleStart]: Extra: []
[16:31:50] [main/INFO] [GradleStart]: Password found, attempting login
[16:31:51] [main/INFO] [GradleStart]: Login Succesful!
[16:31:51] [main/INFO] [GradleStart]: Running with arguments: [--userProperties, {}, --assetsDir, C:/Users/James D/.gradle/caches/minecraft/assets, --assetIndex, 1.7.10, --userType, mojang, --accessToken, {REDACTED}, --version, 1.7.10, --uuid, d5a72d1d625e48e6af51d010b14d667e, --username, donzil, --tweakClass, cpw.mods.fml.common.launcher.FMLTweaker, --tweakClass, net.minecraftforge.gradle.tweakers.CoremodTweaker]
[16:31:51] [main/INFO] [LaunchWrapper]: Loading tweak class name cpw.mods.fml.common.launcher.FMLTweaker
[16:31:51] [main/INFO] [LaunchWrapper]: Using primary tweak class name cpw.mods.fml.common.launcher.FMLTweaker
[16:31:51] [main/INFO] [LaunchWrapper]: Loading tweak class name net.minecraftforge.gradle.tweakers.CoremodTweaker
[16:31:51] [main/INFO] [LaunchWrapper]: Calling tweak class cpw.mods.fml.common.launcher.FMLTweaker
[16:40:15] [main/INFO] [GradleStart]: username: firstmanfallen@hotmail.com
[16:40:15] [main/INFO] [GradleStart]: Extra: []
[16:40:15] [main/INFO] [GradleStart]: Password found, attempting login
[16:40:16] [main/INFO] [GradleStart]: Login Succesful!
[16:40:16] [main/INFO] [GradleStart]: Running with arguments: [--userProperties, {}, --assetsDir, C:/Users/James D/.gradle/caches/minecraft/assets, --assetIndex, 1.7.10, --userType, mojang, --accessToken, {REDACTED}, --version, 1.7.10, --uuid, d5a72d1d625e48e6af51d010b14d667e, --username, donzil, --tweakClass, cpw.mods.fml.common.launcher.FMLTweaker, --tweakClass, net.minecraftforge.gradle.tweakers.CoremodTweaker]
[16:40:16] [main/INFO] [LaunchWrapper]: Loading tweak class name cpw.mods.fml.common.launcher.FMLTweaker
[16:40:16] [main/INFO] [LaunchWrapper]: Using primary tweak class name cpw.mods.fml.common.launcher.FMLTweaker
[16:40:16] [main/INFO] [LaunchWrapper]: Loading tweak class name net.minecraftforge.gradle.tweakers.CoremodTweaker
[16:40:16] [main/INFO] [LaunchWrapper]: Calling tweak class cpw.mods.fml.common.launcher.FMLTweaker
[18:11:48] [main/INFO] [GradleStart]: username: firstmanfallen@hotmail.com
[18:11:48] [main/INFO] [GradleStart]: Extra: []
[18:11:48] [main/INFO] [GradleStart]: Password found, attempting login
[18:11:49] [main/INFO] [GradleStart]: Login Succesful!
[18:11:49] [main/INFO] [GradleStart]: Running with arguments: [--userProperties, {}, --assetsDir, C:/Users/James D/.gradle/caches/minecraft/assets, --assetIndex, 1.7.10, --userType, mojang, --accessToken, {REDACTED}, --version, 1.7.10, --uuid, d5a72d1d625e48e6af51d010b14d667e, --username, donzil, --tweakClass, cpw.mods.fml.common.launcher.FMLTweaker, --tweakClass, net.minecraftforge.gradle.tweakers.CoremodTweaker]
[18:11:49] [main/INFO] [LaunchWrapper]: Loading tweak class name cpw.mods.fml.common.launcher.FMLTweaker
[18:11:49] [main/INFO] [LaunchWrapper]: Using primary tweak class name cpw.mods.fml.common.launcher.FMLTweaker
[18:11:49] [main/INFO] [LaunchWrapper]: Loading tweak class name net.minecraftforge.gradle.tweakers.CoremodTweaker
[18:11:49] [main/INFO] [LaunchWrapper]: Calling tweak class cpw.mods.fml.common.launcher.FMLTweaker
[18:47:08] [main/INFO] [GradleStart]: username: firstmanfallen@hotmail.com
[18:47:08] [main/INFO] [GradleStart]: Extra: []
[18:47:08] [main/INFO] [GradleStart]: Password found, attempting login
[18:47:09] [main/INFO] [GradleStart]: Login Succesful!
[18:47:09] [main/INFO] [GradleStart]: Running with arguments: [--userProperties, {}, --assetsDir, C:/Users/James D/.gradle/caches/minecraft/assets, --assetIndex, 1.7.10, --userType, mojang, --accessToken, {REDACTED}, --version, 1.7.10, --uuid, d5a72d1d625e48e6af51d010b14d667e, --username, donzil, --tweakClass, cpw.mods.fml.common.launcher.FMLTweaker, --tweakClass, net.minecraftforge.gradle.tweakers.CoremodTweaker]
[18:47:09] [main/INFO] [LaunchWrapper]: Loading tweak class name cpw.mods.fml.common.launcher.FMLTweaker
[18:47:09] [main/INFO] [LaunchWrapper]: Using primary tweak class name cpw.mods.fml.common.launcher.FMLTweaker
[18:47:09] [main/INFO] [LaunchWrapper]: Loading tweak class name net.minecraftforge.gradle.tweakers.CoremodTweaker
[18:47:09] [main/INFO] [LaunchWrapper]: Calling tweak class cpw.mods.fml.common.launcher.FMLTweaker
[19:07:43] [main/INFO] [GradleStart]: username: firstmanfallen@hotmail.com
[19:07:43] [main/INFO] [GradleStart]: Extra: []
[19:07:43] [main/INFO] [GradleStart]: Password found, attempting login
[19:07:44] [main/INFO] [GradleStart]: Login Succesful!
[19:07:44] [main/INFO] [GradleStart]: Running with arguments: [--userProperties, {}, --assetsDir, C:/Users/James D/.gradle/caches/minecraft/assets, --assetIndex, 1.7.10, --userType, mojang, --accessToken, {REDACTED}, --version, 1.7.10, --uuid, d5a72d1d625e48e6af51d010b14d667e, --username, donzil, --tweakClass, cpw.mods.fml.common.launcher.FMLTweaker, --tweakClass, net.minecraftforge.gradle.tweakers.CoremodTweaker]
[19:07:44] [main/INFO] [LaunchWrapper]: Loading tweak class name cpw.mods.fml.common.launcher.FMLTweaker
[19:07:44] [main/INFO] [LaunchWrapper]: Using primary tweak class name cpw.mods.fml.common.launcher.FMLTweaker
[19:07:44] [main/INFO] [LaunchWrapper]: Loading tweak class name net.minecraftforge.gradle.tweakers.CoremodTweaker
[19:07:44] [main/INFO] [LaunchWrapper]: Calling tweak class cpw.mods.fml.common.launcher.FMLTweaker
[19:09:48] [main/INFO] [GradleStart]: username: firstmanfallen@hotmail.com
[19:09:48] [main/INFO] [GradleStart]: Extra: []
[19:09:48] [main/INFO] [GradleStart]: Password found, attempting login
[19:09:48] [main/INFO] [GradleStart]: Login Succesful!
[19:09:49] [main/INFO] [GradleStart]: Running with arguments: [--userProperties, {}, --assetsDir, C:/Users/James D/.gradle/caches/minecraft/assets, --assetIndex, 1.7.10, --userType, mojang, --accessToken, {REDACTED}, --version, 1.7.10, --uuid, d5a72d1d625e48e6af51d010b14d667e, --username, donzil, --tweakClass, cpw.mods.fml.common.launcher.FMLTweaker, --tweakClass, net.minecraftforge.gradle.tweakers.CoremodTweaker]
[19:09:49] [main/INFO] [LaunchWrapper]: Loading tweak class name cpw.mods.fml.common.launcher.FMLTweaker
[19:09:49] [main/INFO] [LaunchWrapper]: Using primary tweak class name cpw.mods.fml.common.launcher.FMLTweaker
[19:09:49] [main/INFO] [LaunchWrapper]: Loading tweak class name net.minecraftforge.gradle.tweakers.CoremodTweaker
[19:09:49] [main/INFO] [LaunchWrapper]: Calling tweak class cpw.mods.fml.common.launcher.FMLTweaker
[19:11:14] [main/INFO] [GradleStart]: username: firstmanfallen@hotmail.com
[19:11:14] [main/INFO] [GradleStart]: Extra: []
[19:11:14] [main/INFO] [GradleStart]: Password found, attempting login
[19:11:15] [main/INFO] [GradleStart]: Login Succesful!
[19:11:15] [main/INFO] [GradleStart]: Running with arguments: [--userProperties, {}, --assetsDir, C:/Users/James D/.gradle/caches/minecraft/assets, --assetIndex, 1.7.10, --userType, mojang, --accessToken, {REDACTED}, --version, 1.7.10, --uuid, d5a72d1d625e48e6af51d010b14d667e, --username, donzil, --tweakClass, cpw.mods.fml.common.launcher.FMLTweaker, --tweakClass, net.minecraftforge.gradle.tweakers.CoremodTweaker]
[19:11:15] [main/INFO] [LaunchWrapper]: Loading tweak class name cpw.mods.fml.common.launcher.FMLTweaker
[19:11:15] [main/INFO] [LaunchWrapper]: Using primary tweak class name cpw.mods.fml.common.launcher.FMLTweaker
[19:11:15] [main/INFO] [LaunchWrapper]: Loading tweak class name net.minecraftforge.gradle.tweakers.CoremodTweaker
[19:11:15] [main/INFO] [LaunchWrapper]: Calling tweak class cpw.mods.fml.common.launcher.FMLTweaker
[19:15:57] [main/INFO] [GradleStart]: username: firstmanfallen@hotmail.com
[19:15:57] [main/INFO] [GradleStart]: Extra: []
[19:15:57] [main/INFO] [GradleStart]: Password found, attempting login
[19:15:57] [main/INFO] [GradleStart]: Login Succesful!
[19:15:57] [main/INFO] [GradleStart]: Running with arguments: [--userProperties, {}, --assetsDir, C:/Users/James D/.gradle/caches/minecraft/assets, --assetIndex, 1.7.10, --userType, mojang, --accessToken, {REDACTED}, --version, 1.7.10, --uuid, d5a72d1d625e48e6af51d010b14d667e, --username, donzil, --tweakClass, cpw.mods.fml.common.launcher.FMLTweaker, --tweakClass, net.minecraftforge.gradle.tweakers.CoremodTweaker]
[19:15:57] [main/INFO] [LaunchWrapper]: Loading tweak class name cpw.mods.fml.common.launcher.FMLTweaker
[19:15:57] [main/INFO] [LaunchWrapper]: Using primary tweak class name cpw.mods.fml.common.launcher.FMLTweaker
[19:15:57] [main/INFO] [LaunchWrapper]: Loading tweak class name net.minecraftforge.gradle.tweakers.CoremodTweaker
[19:15:57] [main/INFO] [LaunchWrapper]: Calling tweak class cpw.mods.fml.common.launcher.FMLTweaker
[19:32:04] [main/INFO] [GradleStart]: username: firstmanfallen@hotmail.com
[19:32:04] [main/INFO] [GradleStart]: Extra: []
[19:32:04] [main/INFO] [GradleStart]: Password found, attempting login
[19:32:06] [main/INFO] [GradleStart]: Login Succesful!
[19:32:06] [main/INFO] [GradleStart]: Running with arguments: [--userProperties, {}, --assetsDir, C:/Users/James D/.gradle/caches/minecraft/assets, --assetIndex, 1.7.10, --userType, mojang, --accessToken, {REDACTED}, --version, 1.7.10, --uuid, d5a72d1d625e48e6af51d010b14d667e, --username, donzil, --tweakClass, cpw.mods.fml.common.launcher.FMLTweaker, --tweakClass, net.minecraftforge.gradle.tweakers.CoremodTweaker]
[19:32:06] [main/INFO] [LaunchWrapper]: Loading tweak class name cpw.mods.fml.common.launcher.FMLTweaker
[19:32:06] [main/INFO] [LaunchWrapper]: Using primary tweak class name cpw.mods.fml.common.launcher.FMLTweaker
[19:32:06] [main/INFO] [LaunchWrapper]: Loading tweak class name net.minecraftforge.gradle.tweakers.CoremodTweaker
[19:32:06] [main/INFO] [LaunchWrapper]: Calling tweak class cpw.mods.fml.common.launcher.FMLTweaker
[19:33:25] [main/INFO] [GradleStart]: username: firstmanfallen@hotmail.com
[19:33:25] [main/INFO] [GradleStart]: Extra: []
[19:33:25] [main/INFO] [GradleStart]: Password found, attempting login
[19:33:26] [main/INFO] [GradleStart]: Login Succesful!
[19:33:26] [main/INFO] [GradleStart]: Running with arguments: [--userProperties, {}, --assetsDir, C:/Users/James D/.gradle/caches/minecraft/assets, --assetIndex, 1.7.10, --userType, mojang, --accessToken, {REDACTED}, --version, 1.7.10, --uuid, d5a72d1d625e48e6af51d010b14d667e, --username, donzil, --tweakClass, cpw.mods.fml.common.launcher.FMLTweaker, --tweakClass, net.minecraftforge.gradle.tweakers.CoremodTweaker]
[19:33:26] [main/INFO] [LaunchWrapper]: Loading tweak class name cpw.mods.fml.common.launcher.FMLTweaker
[19:33:26] [main/INFO] [LaunchWrapper]: Using primary tweak class name cpw.mods.fml.common.launcher.FMLTweaker
[19:33:26] [main/INFO] [LaunchWrapper]: Loading tweak class name net.minecraftforge.gradle.tweakers.CoremodTweaker
[19:33:26] [main/INFO] [LaunchWrapper]: Calling tweak class cpw.mods.fml.common.launcher.FMLTweaker
[19:42:14] [main/INFO] [GradleStart]: username: firstmanfallen@hotmail.com
[19:42:14] [main/INFO] [GradleStart]: Extra: []
[19:42:14] [main/INFO] [GradleStart]: Password found, attempting login
[19:42:14] [main/INFO] [GradleStart]: Login Succesful!
[19:42:14] [main/INFO] [GradleStart]: Running with arguments: [--userProperties, {}, --assetsDir, C:/Users/James D/.gradle/caches/minecraft/assets, --assetIndex, 1.7.10, --userType, mojang, --accessToken, {REDACTED}, --version, 1.7.10, --uuid, d5a72d1d625e48e6af51d010b14d667e, --username, donzil, --tweakClass, cpw.mods.fml.common.launcher.FMLTweaker, --tweakClass, net.minecraftforge.gradle.tweakers.CoremodTweaker]
[19:42:14] [main/INFO] [LaunchWrapper]: Loading tweak class name cpw.mods.fml.common.launcher.FMLTweaker
[19:42:14] [main/INFO] [LaunchWrapper]: Using primary tweak class name cpw.mods.fml.common.launcher.FMLTweaker
[19:42:14] [main/INFO] [LaunchWrapper]: Loading tweak class name net.minecraftforge.gradle.tweakers.CoremodTweaker
[19:42:14] [main/INFO] [LaunchWrapper]: Calling tweak class cpw.mods.fml.common.launcher.FMLTweaker
[20:47:56] [main/INFO] [GradleStart]: username: firstmanfallen@hotmail.com
[20:47:56] [main/INFO] [GradleStart]: Extra: []
[20:47:56] [main/INFO] [GradleStart]: Password found, attempting login
[20:47:57] [main/INFO] [GradleStart]: Login Succesful!
[20:47:57] [main/INFO] [GradleStart]: Running with arguments: [--userProperties, {}, --assetsDir, C:/Users/James D/.gradle/caches/minecraft/assets, --assetIndex, 1.7.10, --userType, mojang, --accessToken, {REDACTED}, --version, 1.7.10, --uuid, d5a72d1d625e48e6af51d010b14d667e, --username, donzil, --tweakClass, cpw.mods.fml.common.launcher.FMLTweaker, --tweakClass, net.minecraftforge.gradle.tweakers.CoremodTweaker]
[20:47:57] [main/INFO] [LaunchWrapper]: Loading tweak class name cpw.mods.fml.common.launcher.FMLTweaker
[20:47:57] [main/INFO] [LaunchWrapper]: Using primary tweak class name cpw.mods.fml.common.launcher.FMLTweaker
[20:47:57] [main/INFO] [LaunchWrapper]: Loading tweak class name net.minecraftforge.gradle.tweakers.CoremodTweaker
[20:47:57] [main/INFO] [LaunchWrapper]: Calling tweak class cpw.mods.fml.common.launcher.FMLTweaker
[21:06:57] [main/INFO] [GradleStart]: username: firstmanfallen@hotmail.com
[21:06:57] [main/INFO] [GradleStart]: Extra: []
[21:06:57] [main/INFO] [GradleStart]: Password found, attempting login
[21:06:57] [main/INFO] [GradleStart]: Login Succesful!
[21:06:57] [main/INFO] [GradleStart]: Running with arguments: [--userProperties, {}, --assetsDir, C:/Users/James D/.gradle/caches/minecraft/assets, --assetIndex, 1.7.10, --userType, mojang, --accessToken, {REDACTED}, --version, 1.7.10, --uuid, d5a72d1d625e48e6af51d010b14d667e, --username, donzil, --tweakClass, cpw.mods.fml.common.launcher.FMLTweaker, --tweakClass, net.minecraftforge.gradle.tweakers.CoremodTweaker]
[21:06:57] [main/INFO] [LaunchWrapper]: Loading tweak class name cpw.mods.fml.common.launcher.FMLTweaker
[21:06:57] [main/INFO] [LaunchWrapper]: Using primary tweak class name cpw.mods.fml.common.launcher.FMLTweaker
[21:06:57] [main/INFO] [LaunchWrapper]: Loading tweak class name net.minecraftforge.gradle.tweakers.CoremodTweaker
[21:06:57] [main/INFO] [LaunchWrapper]: Calling tweak class cpw.mods.fml.common.launcher.FMLTweaker
[21:12:46] [main/INFO] [GradleStart]: username: firstmanfallen@hotmail.com
[21:12:46] [main/INFO] [GradleStart]: Extra: []
[21:12:46] [main/INFO] [GradleStart]: Password found, attempting login
[21:12:47] [main/INFO] [GradleStart]: Login Succesful!
[21:12:47] [main/INFO] [GradleStart]: Running with arguments: [--userProperties, {}, --assetsDir, C:/Users/James D/.gradle/caches/minecraft/assets, --assetIndex, 1.7.10, --userType, mojang, --accessToken, {REDACTED}, --version, 1.7.10, --uuid, d5a72d1d625e48e6af51d010b14d667e, --username, donzil, --tweakClass, cpw.mods.fml.common.launcher.FMLTweaker, --tweakClass, net.minecraftforge.gradle.tweakers.CoremodTweaker]
[21:12:47] [main/INFO] [LaunchWrapper]: Loading tweak class name cpw.mods.fml.common.launcher.FMLTweaker
[21:12:47] [main/INFO] [LaunchWrapper]: Using primary tweak class name cpw.mods.fml.common.launcher.FMLTweaker
[21:12:47] [main/INFO] [LaunchWrapper]: Loading tweak class name net.minecraftforge.gradle.tweakers.CoremodTweaker
[21:12:47] [main/INFO] [LaunchWrapper]: Calling tweak class cpw.mods.fml.common.launcher.FMLTweaker
[21:17:43] [main/INFO] [GradleStart]: username: firstmanfallen@hotmail.com
[21:17:43] [main/INFO] [GradleStart]: Extra: []
[21:17:43] [main/INFO] [GradleStart]: Password found, attempting login
[21:17:43] [main/INFO] [GradleStart]: Login Succesful!
[21:17:43] [main/INFO] [GradleStart]: Running with arguments: [--userProperties, {}, --assetsDir, C:/Users/James D/.gradle/caches/minecraft/assets, --assetIndex, 1.7.10, --userType, mojang, --accessToken, {REDACTED}, --version, 1.7.10, --uuid, d5a72d1d625e48e6af51d010b14d667e, --username, donzil, --tweakClass, cpw.mods.fml.common.launcher.FMLTweaker, --tweakClass, net.minecraftforge.gradle.tweakers.CoremodTweaker]
[21:17:43] [main/INFO] [LaunchWrapper]: Loading tweak class name cpw.mods.fml.common.launcher.FMLTweaker
[21:17:43] [main/INFO] [LaunchWrapper]: Using primary tweak class name cpw.mods.fml.common.launcher.FMLTweaker
[21:17:43] [main/INFO] [LaunchWrapper]: Loading tweak class name net.minecraftforge.gradle.tweakers.CoremodTweaker
[21:17:43] [main/INFO] [LaunchWrapper]: Calling tweak class cpw.mods.fml.common.launcher.FMLTweaker
[21:19:33] [main/INFO] [GradleStart]: username: firstmanfallen@hotmail.com
[21:19:33] [main/INFO] [GradleStart]: Extra: []
[21:19:33] [main/INFO] [GradleStart]: Password found, attempting login
[21:19:33] [main/INFO] [GradleStart]: Login Succesful!
[21:19:34] [main/INFO] [GradleStart]: Running with arguments: [--userProperties, {}, --assetsDir, C:/Users/James D/.gradle/caches/minecraft/assets, --assetIndex, 1.7.10, --userType, mojang, --accessToken, {REDACTED}, --version, 1.7.10, --uuid, d5a72d1d625e48e6af51d010b14d667e, --username, donzil, --tweakClass, cpw.mods.fml.common.launcher.FMLTweaker, --tweakClass, net.minecraftforge.gradle.tweakers.CoremodTweaker]
[21:19:34] [main/INFO] [LaunchWrapper]: Loading tweak class name cpw.mods.fml.common.launcher.FMLTweaker
[21:19:34] [main/INFO] [LaunchWrapper]: Using primary tweak class name cpw.mods.fml.common.launcher.FMLTweaker
[21:19:34] [main/INFO] [LaunchWrapper]: Loading tweak class name net.minecraftforge.gradle.tweakers.CoremodTweaker
[21:19:34] [main/INFO] [LaunchWrapper]: Calling tweak class cpw.mods.fml.common.launcher.FMLTweaker
[22:05:30] [main/INFO] [GradleStart]: username: firstmanfallen@hotmail.com
[22:05:30] [main/INFO] [GradleStart]: Extra: []
[22:05:30] [main/INFO] [GradleStart]: Password found, attempting login
[22:05:31] [main/INFO] [GradleStart]: Login Succesful!
[22:05:31] [main/INFO] [GradleStart]: Running with arguments: [--userProperties, {}, --assetsDir, C:/Users/James D/.gradle/caches/minecraft/assets, --assetIndex, 1.7.10, --userType, mojang, --accessToken, {REDACTED}, --version, 1.7.10, --uuid, d5a72d1d625e48e6af51d010b14d667e, --username, donzil, --tweakClass, cpw.mods.fml.common.launcher.FMLTweaker, --tweakClass, net.minecraftforge.gradle.tweakers.CoremodTweaker]
[22:05:31] [main/INFO] [LaunchWrapper]: Loading tweak class name cpw.mods.fml.common.launcher.FMLTweaker
[22:05:31] [main/INFO] [LaunchWrapper]: Using primary tweak class name cpw.mods.fml.common.launcher.FMLTweaker
[22:05:31] [main/INFO] [LaunchWrapper]: Loading tweak class name net.minecraftforge.gradle.tweakers.CoremodTweaker
[22:05:31] [main/INFO] [LaunchWrapper]: Calling tweak class cpw.mods.fml.common.launcher.FMLTweaker
[22:07:18] [main/INFO] [GradleStart]: username: firstmanfallen@hotmail.com
[22:07:18] [main/INFO] [GradleStart]: Extra: []
[22:07:18] [main/INFO] [GradleStart]: Password found, attempting login
[22:07:19] [main/INFO] [GradleStart]: Login Succesful!
[22:07:19] [main/INFO] [GradleStart]: Running with arguments: [--userProperties, {}, --assetsDir, C:/Users/James D/.gradle/caches/minecraft/assets, --assetIndex, 1.7.10, --userType, mojang, --accessToken, {REDACTED}, --version, 1.7.10, --uuid, d5a72d1d625e48e6af51d010b14d667e, --username, donzil, --tweakClass, cpw.mods.fml.common.launcher.FMLTweaker, --tweakClass, net.minecraftforge.gradle.tweakers.CoremodTweaker]
[22:07:19] [main/INFO] [LaunchWrapper]: Loading tweak class name cpw.mods.fml.common.launcher.FMLTweaker
[22:07:19] [main/INFO] [LaunchWrapper]: Using primary tweak class name cpw.mods.fml.common.launcher.FMLTweaker
[22:07:19] [main/INFO] [LaunchWrapper]: Loading tweak class name net.minecraftforge.gradle.tweakers.CoremodTweaker
[22:07:19] [main/INFO] [LaunchWrapper]: Calling tweak class cpw.mods.fml.common.launcher.FMLTweaker
[22:21:11] [main/INFO] [GradleStart]: username: firstmanfallen@hotmail.com
[22:21:11] [main/INFO] [GradleStart]: Extra: []
[22:21:11] [main/INFO] [GradleStart]: Password found, attempting login
[22:21:11] [main/INFO] [GradleStart]: Login Succesful!
[22:21:12] [main/INFO] [GradleStart]: Running with arguments: [--userProperties, {}, --assetsDir, C:/Users/James D/.gradle/caches/minecraft/assets, --assetIndex, 1.7.10, --userType, mojang, --accessToken, {REDACTED}, --version, 1.7.10, --uuid, d5a72d1d625e48e6af51d010b14d667e, --username, donzil, --tweakClass, cpw.mods.fml.common.launcher.FMLTweaker, --tweakClass, net.minecraftforge.gradle.tweakers.CoremodTweaker]
[22:21:12] [main/INFO] [LaunchWrapper]: Loading tweak class name cpw.mods.fml.common.launcher.FMLTweaker
[22:21:12] [main/INFO] [LaunchWrapper]: Using primary tweak class name cpw.mods.fml.common.launcher.FMLTweaker
[22:21:12] [main/INFO] [LaunchWrapper]: Loading tweak class name net.minecraftforge.gradle.tweakers.CoremodTweaker
[22:21:12] [main/INFO] [LaunchWrapper]: Calling tweak class cpw.mods.fml.common.launcher.FMLTweaker
[22:21:54] [main/INFO] [GradleStart]: username: firstmanfallen@hotmail.com
[22:21:54] [main/INFO] [GradleStart]: Extra: []
[22:21:54] [main/INFO] [GradleStart]: Password found, attempting login
[22:21:55] [main/INFO] [GradleStart]: Login Succesful!
[22:21:55] [main/INFO] [GradleStart]: Running with arguments: [--userProperties, {}, --assetsDir, C:/Users/James D/.gradle/caches/minecraft/assets, --assetIndex, 1.7.10, --userType, mojang, --accessToken, {REDACTED}, --version, 1.7.10, --uuid, d5a72d1d625e48e6af51d010b14d667e, --username, donzil, --tweakClass, cpw.mods.fml.common.launcher.FMLTweaker, --tweakClass, net.minecraftforge.gradle.tweakers.CoremodTweaker]
[22:21:55] [main/INFO] [LaunchWrapper]: Loading tweak class name cpw.mods.fml.common.launcher.FMLTweaker
[22:21:55] [main/INFO] [LaunchWrapper]: Using primary tweak class name cpw.mods.fml.common.launcher.FMLTweaker
[22:21:55] [main/INFO] [LaunchWrapper]: Loading tweak class name net.minecraftforge.gradle.tweakers.CoremodTweaker
[22:21:55] [main/INFO] [LaunchWrapper]: Calling tweak class cpw.mods.fml.common.launcher.FMLTweaker
[22:24:39] [main/INFO] [GradleStart]: username: firstmanfallen@hotmail.com
[22:24:39] [main/INFO] [GradleStart]: Extra: []
[22:24:39] [main/INFO] [GradleStart]: Password found, attempting login
[22:24:40] [main/INFO] [GradleStart]: Login Succesful!
[22:24:40] [main/INFO] [GradleStart]: Running with arguments: [--userProperties, {}, --assetsDir, C:/Users/James D/.gradle/caches/minecraft/assets, --assetIndex, 1.7.10, --userType, mojang, --accessToken, {REDACTED}, --version, 1.7.10, --uuid, d5a72d1d625e48e6af51d010b14d667e, --username, donzil, --tweakClass, cpw.mods.fml.common.launcher.FMLTweaker, --tweakClass, net.minecraftforge.gradle.tweakers.CoremodTweaker]
[22:24:40] [main/INFO] [LaunchWrapper]: Loading tweak class name cpw.mods.fml.common.launcher.FMLTweaker
[22:24:40] [main/INFO] [LaunchWrapper]: Using primary tweak class name cpw.mods.fml.common.launcher.FMLTweaker
[22:24:40] [main/INFO] [LaunchWrapper]: Loading tweak class name net.minecraftforge.gradle.tweakers.CoremodTweaker
[22:24:40] [main/INFO] [LaunchWrapper]: Calling tweak class cpw.mods.fml.common.launcher.FMLTweaker
[22:25:33] [main/INFO] [GradleStart]: username: firstmanfallen@hotmail.com
[22:25:33] [main/INFO] [GradleStart]: Extra: []
[22:25:33] [main/INFO] [GradleStart]: Password found, attempting login
[22:25:34] [main/INFO] [GradleStart]: Login Succesful!
[22:25:34] [main/INFO] [GradleStart]: Running with arguments: [--userProperties, {}, --assetsDir, C:/Users/James D/.gradle/caches/minecraft/assets, --assetIndex, 1.7.10, --userType, mojang, --accessToken, {REDACTED}, --version, 1.7.10, --uuid, d5a72d1d625e48e6af51d010b14d667e, --username, donzil, --tweakClass, cpw.mods.fml.common.launcher.FMLTweaker, --tweakClass, net.minecraftforge.gradle.tweakers.CoremodTweaker]
[22:25:34] [main/INFO] [LaunchWrapper]: Loading tweak class name cpw.mods.fml.common.launcher.FMLTweaker
[22:25:34] [main/INFO] [LaunchWrapper]: Using primary tweak class name cpw.mods.fml.common.launcher.FMLTweaker
[22:25:34] [main/INFO] [LaunchWrapper]: Loading tweak class name net.minecraftforge.gradle.tweakers.CoremodTweaker
[22:25:34] [main/INFO] [LaunchWrapper]: Calling tweak class cpw.mods.fml.common.launcher.FMLTweaker
[22:29:04] [main/INFO] [GradleStart]: Extra: []
[22:29:04] [main/INFO] [GradleStart]: Running with arguments: [--tweakClass, cpw.mods.fml.common.launcher.FMLServerTweaker, --tweakClass, net.minecraftforge.gradle.tweakers.CoremodTweaker]
[22:29:04] [main/INFO] [LaunchWrapper]: Loading tweak class name cpw.mods.fml.common.launcher.FMLServerTweaker
[22:29:04] [main/INFO] [LaunchWrapper]: Using primary tweak class name cpw.mods.fml.common.launcher.FMLServerTweaker
[22:29:04] [main/INFO] [LaunchWrapper]: Loading tweak class name net.minecraftforge.gradle.tweakers.CoremodTweaker
[22:29:04] [main/INFO] [LaunchWrapper]: Calling tweak class cpw.mods.fml.common.launcher.FMLServerTweaker
[22:29:24] [main/INFO] [GradleStart]: username: firstmanfallen@hotmail.com
[22:29:24] [main/INFO] [GradleStart]: Extra: []
[22:29:24] [main/INFO] [GradleStart]: Password found, attempting login
[22:29:24] [main/INFO] [GradleStart]: Login Succesful!
[22:29:24] [main/INFO] [GradleStart]: Running with arguments: [--userProperties, {}, --assetsDir, C:/Users/James D/.gradle/caches/minecraft/assets, --assetIndex, 1.7.10, --userType, mojang, --accessToken, {REDACTED}, --version, 1.7.10, --uuid, d5a72d1d625e48e6af51d010b14d667e, --username, donzil, --tweakClass, cpw.mods.fml.common.launcher.FMLTweaker, --tweakClass, net.minecraftforge.gradle.tweakers.CoremodTweaker]
[22:29:25] [main/INFO] [LaunchWrapper]: Loading tweak class name cpw.mods.fml.common.launcher.FMLTweaker
[22:29:25] [main/INFO] [LaunchWrapper]: Using primary tweak class name cpw.mods.fml.common.launcher.FMLTweaker
[22:29:25] [main/INFO] [LaunchWrapper]: Loading tweak class name net.minecraftforge.gradle.tweakers.CoremodTweaker
[22:29:25] [main/INFO] [LaunchWrapper]: Calling tweak class cpw.mods.fml.common.launcher.FMLTweaker
[22:41:00] [main/INFO] [GradleStart]: username: firstmanfallen@hotmail.com
[22:41:00] [main/INFO] [GradleStart]: Extra: []
[22:41:00] [main/INFO] [GradleStart]: Password found, attempting login
[22:41:07] [main/INFO] [GradleStart]: Login Succesful!
[22:41:07] [main/INFO] [GradleStart]: Running with arguments: [--userProperties, {}, --assetsDir, C:/Users/James D/.gradle/caches/minecraft/assets, --assetIndex, 1.7.10, --userType, mojang, --accessToken, {REDACTED}, --version, 1.7.10, --uuid, d5a72d1d625e48e6af51d010b14d667e, --username, donzil, --tweakClass, cpw.mods.fml.common.launcher.FMLTweaker, --tweakClass, net.minecraftforge.gradle.tweakers.CoremodTweaker]
[22:41:07] [main/INFO] [LaunchWrapper]: Loading tweak class name cpw.mods.fml.common.launcher.FMLTweaker
[22:41:07] [main/INFO] [LaunchWrapper]: Using primary tweak class name cpw.mods.fml.common.launcher.FMLTweaker
[22:41:07] [main/INFO] [LaunchWrapper]: Loading tweak class name net.minecraftforge.gradle.tweakers.CoremodTweaker
[22:41:07] [main/INFO] [LaunchWrapper]: Calling tweak class cpw.mods.fml.common.launcher.FMLTweaker
[22:42:43] [main/INFO] [GradleStart]: username: firstmanfallen@hotmail.com
[22:42:43] [main/INFO] [GradleStart]: Extra: []
[22:42:43] [main/INFO] [GradleStart]: Password found, attempting login
[22:42:44] [main/INFO] [GradleStart]: Login Succesful!
[22:42:44] [main/INFO] [GradleStart]: Running with arguments: [--userProperties, {}, --assetsDir, C:/Users/James D/.gradle/caches/minecraft/assets, --assetIndex, 1.7.10, --userType, mojang, --accessToken, {REDACTED}, --version, 1.7.10, --uuid, d5a72d1d625e48e6af51d010b14d667e, --username, donzil, --tweakClass, cpw.mods.fml.common.launcher.FMLTweaker, --tweakClass, net.minecraftforge.gradle.tweakers.CoremodTweaker]
[22:42:44] [main/INFO] [LaunchWrapper]: Loading tweak class name cpw.mods.fml.common.launcher.FMLTweaker
[22:42:44] [main/INFO] [LaunchWrapper]: Using primary tweak class name cpw.mods.fml.common.launcher.FMLTweaker
[22:42:44] [main/INFO] [LaunchWrapper]: Loading tweak class name net.minecraftforge.gradle.tweakers.CoremodTweaker
[22:42:44] [main/INFO] [LaunchWrapper]: Calling tweak class cpw.mods.fml.common.launcher.FMLTweaker
