[12:02:22] [main/INFO]: Logging in with username & password
[12:02:25] [main/INFO]: Setting user: donzil
[12:02:26] [Client thread/INFO]: LWJGL Version: 2.9.1
[12:02:33] [Client thread/INFO]: Reloading ResourceManager: Default, FMLFileResourcePack:Forge Mod Loader, FMLFileResourcePack:Minecraft Forge, FMLFileResourcePack:Leather Expanded, FMLFileResourcePack:Example Mod
[12:02:34] [Sound Library Loader/INFO]: Sound engine started
[12:02:34] [Client thread/INFO]: Created: 16x16 textures/blocks-atlas
[12:02:34] [Client thread/INFO]: Created: 16x16 textures/items-atlas
[12:02:35] [Client thread/INFO]: Reloading ResourceManager: Default, FMLFileResourcePack:Forge Mod Loader, FMLFileResourcePack:Minecraft Forge, FMLFileResourcePack:Leather Expanded, FMLFileResourcePack:Example Mod
[12:02:35] [Client thread/INFO]: Created: 512x256 textures/blocks-atlas
[12:02:35] [Client thread/INFO]: Created: 256x256 textures/items-atlas
[12:02:36] [Sound Library Loader/INFO]: Sound engine started
[12:02:39] [Server thread/INFO]: Starting integrated minecraft server version 1.7.10
[12:02:39] [Server thread/INFO]: Generating keypair
[12:02:39] [Server thread/INFO]: Preparing start region for level 0
[12:02:40] [Server thread/INFO]: Changing view distance to 12, from 10
[12:02:41] [Server thread/INFO]: donzil[local:E:bbd79c03] logged in with entity id 344 at (-112.48514200949904, 64.0, 260.37220633133)
[12:02:41] [Server thread/INFO]: donzil joined the game
[12:03:08] [Server thread/INFO]: Saving and pausing game...
[12:03:08] [Server thread/INFO]: Saving chunks for level 'New World'/Overworld
[12:03:08] [Server thread/INFO]: Saving chunks for level 'New World'/Nether
[12:03:08] [Server thread/INFO]: Saving chunks for level 'New World'/The End
[12:03:08] [Server thread/INFO]: Stopping server
[12:03:08] [Server thread/INFO]: Saving players
[12:03:08] [Server thread/INFO]: Saving worlds
[12:03:08] [Server thread/INFO]: Saving chunks for level 'New World'/Overworld
[12:03:08] [Server thread/INFO]: Saving chunks for level 'New World'/Nether
[12:03:08] [Server thread/INFO]: Saving chunks for level 'New World'/The End
[12:03:10] [Client thread/INFO]: Stopping!
